<?xml version="1.0" encoding="UTF-8"?>
<robot generator="Robot 4.1.3 (Python 3.9.10 on win32)" generated="20220329 16:20:26.275" rpa="false" schemaversion="2">
<suite id="s1" name="Unidades" source="C:\Users\SCHULTER\Desktop\Projeto DAC\PortalWpSesc\test-case\unidades.robot">
<kw name="Abrir navegador" library="resource" type="SETUP">
<kw name="Open Browser" library="SeleniumLibrary">
<arg>url:</arg>
<arg>${BROWSER}</arg>
<doc>Opens a new browser instance to the optional ``url``.</doc>
<msg timestamp="20220329 16:20:26.505" level="INFO">Opening browser 'gc' to base url 'url:'.</msg>
<status status="PASS" starttime="20220329 16:20:26.505" endtime="20220329 16:20:27.696"/>
</kw>
<status status="PASS" starttime="20220329 16:20:26.505" endtime="20220329 16:20:27.696"/>
</kw>
<test id="s1-t1" name="Cenario 1: Selecionar unidade 24 de maio">
<kw name="Dado que acesso a pagina do sesc" library="resource">
<kw name="Go To" library="SeleniumLibrary">
<arg>${HOME}</arg>
<doc>Navigates the current browser window to the provided ``url``.</doc>
<msg timestamp="20220329 16:20:27.698" level="INFO">Opening url 'https://www.sescsp.org.br/'</msg>
<status status="PASS" starttime="20220329 16:20:27.698" endtime="20220329 16:20:32.009"/>
</kw>
<status status="PASS" starttime="20220329 16:20:27.697" endtime="20220329 16:20:32.009"/>
</kw>
<kw name="E Clicar no cookie" library="resource">
<kw name="Wait Until Element Contains" library="SeleniumLibrary">
<arg>//*[@class="button-policy"]</arg>
<arg>Continuar</arg>
<doc>Waits until the element ``locator`` contains ``text``.</doc>
<status status="PASS" starttime="20220329 16:20:32.009" endtime="20220329 16:20:32.037"/>
</kw>
<kw name="Click Element" library="SeleniumLibrary">
<arg>//*[@class="button-policy"]</arg>
<doc>Click the element identified by ``locator``.</doc>
<msg timestamp="20220329 16:20:32.038" level="INFO">Clicking element '//*[@class="button-policy"]'.</msg>
<status status="PASS" starttime="20220329 16:20:32.037" endtime="20220329 16:20:32.089"/>
</kw>
<status status="PASS" starttime="20220329 16:20:32.009" endtime="20220329 16:20:32.089"/>
</kw>
<kw name="E clicar na aba Menu" library="resource">
<kw name="Click Element" library="SeleniumLibrary">
<arg>${MENU}</arg>
<doc>Click the element identified by ``locator``.</doc>
<msg timestamp="20220329 16:20:32.090" level="INFO">Clicking element '//*[@class="navbar-toggler-icon"]'.</msg>
<msg timestamp="20220329 16:20:32.353" level="INFO" html="true">&lt;/td&gt;&lt;/tr&gt;&lt;tr&gt;&lt;td colspan="3"&gt;&lt;a href="selenium-screenshot-1.png"&gt;&lt;img src="selenium-screenshot-1.png" width="800px"&gt;&lt;/a&gt;</msg>
<msg timestamp="20220329 16:20:32.357" level="FAIL">ElementNotInteractableException: Message: element not interactable
  (Session info: chrome=99.0.4844.84)
Stacktrace:
Backtrace:
	Ordinal0 [0x00BE9943+2595139]
	Ordinal0 [0x00B7C9F1+2148849]
	Ordinal0 [0x00A743F0+1065968]
	Ordinal0 [0x00AA1F17+1253143]
	Ordinal0 [0x00A97AB3+1211059]
	Ordinal0 [0x00ABB9EC+1358316]
	Ordinal0 [0x00A97474+1209460]
	Ordinal0 [0x00ABBC04+1358852]
	Ordinal0 [0x00ACBAF2+1424114]
	Ordinal0 [0x00ABB806+1357830]
	Ordinal0 [0x00A96086+1204358]
	Ordinal0 [0x00A96F96+1208214]
	GetHandleVerifier [0x00D8B232+1658114]
	GetHandleVerifier [0x00E4312C+2411516]
	GetHandleVerifier [0x00C7F261+560433]
	GetHandleVerifier [0x00C7E366+556598]
	Ordinal0 [0x00B8286B+2173035]
	Ordinal0 [0x00B875F8+2192888]
	Ordinal0 [0x00B876E5+2193125]
	Ordinal0 [0x00B911FC+2232828]
	BaseThreadInitThunk [0x7705FA29+25]
	RtlGetAppContainerNamedObjectPath [0x77A17A7E+286]
	RtlGetAppContainerNamedObjectPath [0x77A17A4E+238]
</msg>
<status status="FAIL" starttime="20220329 16:20:32.090" endtime="20220329 16:20:32.357"/>
</kw>
<status status="FAIL" starttime="20220329 16:20:32.090" endtime="20220329 16:20:32.357"/>
</kw>
<kw name="Quando clicar unidade e selecionar Grande sao paulo" library="resource">
<status status="NOT RUN" starttime="20220329 16:20:32.358" endtime="20220329 16:20:32.358"/>
</kw>
<kw name="E selecionar Unidade &quot;24-de-maio&quot;" library="unidades" sourcename="E selecionar Unidade &quot;${unidade}&quot;">
<status status="NOT RUN" starttime="20220329 16:20:32.358" endtime="20220329 16:20:32.358"/>
</kw>
<kw name="Entao pagina da unidade devera ser exibida &quot;24 de Maio&quot;" library="unidades" sourcename="Entao pagina da unidade devera ser exibida &quot;${nome_da_unidade}&quot;">
<status status="NOT RUN" starttime="20220329 16:20:32.358" endtime="20220329 16:20:32.358"/>
</kw>
<status status="FAIL" starttime="20220329 16:20:27.696" endtime="20220329 16:20:32.359">ElementNotInteractableException: Message: element not interactable
  (Session info: chrome=99.0.4844.84)
Stacktrace:
Backtrace:
	Ordinal0 [0x00BE9943+2595139]
	Ordinal0 [0x00B7C9F1+2148849]
	Ordinal0 [0x00A743F0+1065968]
	Ordinal0 [0x00AA1F17+1253143]
	Ordinal0 [0x00A97AB3+1211059]
	Ordinal0 [0x00ABB9EC+1358316]
	Ordinal0 [0x00A97474+1209460]
	Ordinal0 [0x00ABBC04+1358852]
	Ordinal0 [0x00ACBAF2+1424114]
	Ordinal0 [0x00ABB806+1357830]
	Ordinal0 [0x00A96086+1204358]
	Ordinal0 [0x00A96F96+1208214]
	GetHandleVerifier [0x00D8B232+1658114]
	GetHandleVerifier [0x00E4312C+2411516]
	GetHandleVerifier [0x00C7F261+560433]
	GetHandleVerifier [0x00C7E366+556598]
	Ordinal0 [0x00B8286B+2173035]
	Ordinal0 [0x00B875F8+2192888]
	Ordinal0 [0x00B876E5+2193125]
	Ordinal0 [0x00B911FC+2232828]
	BaseThreadInitThunk [0x7705FA29+25]
	RtlGetAppContainerNamedObjectPath [0x77A17A7E+286]
	RtlGetAppContainerNamedObjectPath [0x77A17A4E+238]
</status>
</test>
<test id="s1-t2" name="Cenario 2: Selecionar unidade osasco">
<kw name="Dado que acesso a pagina do sesc" library="resource">
<kw name="Go To" library="SeleniumLibrary">
<arg>${HOME}</arg>
<doc>Navigates the current browser window to the provided ``url``.</doc>
<msg timestamp="20220329 16:20:32.362" level="INFO">Opening url 'https://www.sescsp.org.br/'</msg>
<status status="PASS" starttime="20220329 16:20:32.362" endtime="20220329 16:20:33.611"/>
</kw>
<status status="PASS" starttime="20220329 16:20:32.362" endtime="20220329 16:20:33.611"/>
</kw>
<kw name="E clicar na aba Menu" library="resource">
<kw name="Click Element" library="SeleniumLibrary">
<arg>${MENU}</arg>
<doc>Click the element identified by ``locator``.</doc>
<msg timestamp="20220329 16:20:33.612" level="INFO">Clicking element '//*[@class="navbar-toggler-icon"]'.</msg>
<msg timestamp="20220329 16:20:33.873" level="INFO" html="true">&lt;/td&gt;&lt;/tr&gt;&lt;tr&gt;&lt;td colspan="3"&gt;&lt;a href="selenium-screenshot-2.png"&gt;&lt;img src="selenium-screenshot-2.png" width="800px"&gt;&lt;/a&gt;</msg>
<msg timestamp="20220329 16:20:33.875" level="FAIL">ElementNotInteractableException: Message: element not interactable
  (Session info: chrome=99.0.4844.84)
Stacktrace:
Backtrace:
	Ordinal0 [0x00BE9943+2595139]
	Ordinal0 [0x00B7C9F1+2148849]
	Ordinal0 [0x00A743F0+1065968]
	Ordinal0 [0x00AA1F17+1253143]
	Ordinal0 [0x00A97AB3+1211059]
	Ordinal0 [0x00ABB9EC+1358316]
	Ordinal0 [0x00A97474+1209460]
	Ordinal0 [0x00ABBC04+1358852]
	Ordinal0 [0x00ACBAF2+1424114]
	Ordinal0 [0x00ABB806+1357830]
	Ordinal0 [0x00A96086+1204358]
	Ordinal0 [0x00A96F96+1208214]
	GetHandleVerifier [0x00D8B232+1658114]
	GetHandleVerifier [0x00E4312C+2411516]
	GetHandleVerifier [0x00C7F261+560433]
	GetHandleVerifier [0x00C7E366+556598]
	Ordinal0 [0x00B8286B+2173035]
	Ordinal0 [0x00B875F8+2192888]
	Ordinal0 [0x00B876E5+2193125]
	Ordinal0 [0x00B911FC+2232828]
	BaseThreadInitThunk [0x7705FA29+25]
	RtlGetAppContainerNamedObjectPath [0x77A17A7E+286]
	RtlGetAppContainerNamedObjectPath [0x77A17A4E+238]
</msg>
<status status="FAIL" starttime="20220329 16:20:33.612" endtime="20220329 16:20:33.875"/>
</kw>
<status status="FAIL" starttime="20220329 16:20:33.611" endtime="20220329 16:20:33.875"/>
</kw>
<kw name="Quando clicar unidade e selecionar Grande sao paulo" library="resource">
<status status="NOT RUN" starttime="20220329 16:20:33.876" endtime="20220329 16:20:33.876"/>
</kw>
<kw name="E selecionar Unidade &quot;osasco&quot;" library="unidades" sourcename="E selecionar Unidade &quot;${unidade}&quot;">
<status status="NOT RUN" starttime="20220329 16:20:33.876" endtime="20220329 16:20:33.876"/>
</kw>
<kw name="Entao pagina da unidade devera ser exibida &quot;Osasco&quot;" library="unidades" sourcename="Entao pagina da unidade devera ser exibida &quot;${nome_da_unidade}&quot;">
<status status="NOT RUN" starttime="20220329 16:20:33.876" endtime="20220329 16:20:33.876"/>
</kw>
<status status="FAIL" starttime="20220329 16:20:32.361" endtime="20220329 16:20:33.876">ElementNotInteractableException: Message: element not interactable
  (Session info: chrome=99.0.4844.84)
Stacktrace:
Backtrace:
	Ordinal0 [0x00BE9943+2595139]
	Ordinal0 [0x00B7C9F1+2148849]
	Ordinal0 [0x00A743F0+1065968]
	Ordinal0 [0x00AA1F17+1253143]
	Ordinal0 [0x00A97AB3+1211059]
	Ordinal0 [0x00ABB9EC+1358316]
	Ordinal0 [0x00A97474+1209460]
	Ordinal0 [0x00ABBC04+1358852]
	Ordinal0 [0x00ACBAF2+1424114]
	Ordinal0 [0x00ABB806+1357830]
	Ordinal0 [0x00A96086+1204358]
	Ordinal0 [0x00A96F96+1208214]
	GetHandleVerifier [0x00D8B232+1658114]
	GetHandleVerifier [0x00E4312C+2411516]
	GetHandleVerifier [0x00C7F261+560433]
	GetHandleVerifier [0x00C7E366+556598]
	Ordinal0 [0x00B8286B+2173035]
	Ordinal0 [0x00B875F8+2192888]
	Ordinal0 [0x00B876E5+2193125]
	Ordinal0 [0x00B911FC+2232828]
	BaseThreadInitThunk [0x7705FA29+25]
	RtlGetAppContainerNamedObjectPath [0x77A17A7E+286]
	RtlGetAppContainerNamedObjectPath [0x77A17A4E+238]
</status>
</test>
<test id="s1-t3" name="Cenario 3: Selecionar unidade avenida-paulista">
<kw name="Dado que acesso a pagina do sesc" library="resource">
<kw name="Go To" library="SeleniumLibrary">
<arg>${HOME}</arg>
<doc>Navigates the current browser window to the provided ``url``.</doc>
<msg timestamp="20220329 16:20:33.880" level="INFO">Opening url 'https://www.sescsp.org.br/'</msg>
<status status="PASS" starttime="20220329 16:20:33.880" endtime="20220329 16:20:35.466"/>
</kw>
<status status="PASS" starttime="20220329 16:20:33.879" endtime="20220329 16:20:35.466"/>
</kw>
<kw name="E clicar na aba Menu" library="resource">
<kw name="Click Element" library="SeleniumLibrary">
<arg>${MENU}</arg>
<doc>Click the element identified by ``locator``.</doc>
<msg timestamp="20220329 16:20:35.467" level="INFO">Clicking element '//*[@class="navbar-toggler-icon"]'.</msg>
<msg timestamp="20220329 16:20:35.737" level="INFO" html="true">&lt;/td&gt;&lt;/tr&gt;&lt;tr&gt;&lt;td colspan="3"&gt;&lt;a href="selenium-screenshot-3.png"&gt;&lt;img src="selenium-screenshot-3.png" width="800px"&gt;&lt;/a&gt;</msg>
<msg timestamp="20220329 16:20:35.739" level="FAIL">ElementNotInteractableException: Message: element not interactable
  (Session info: chrome=99.0.4844.84)
Stacktrace:
Backtrace:
	Ordinal0 [0x00BE9943+2595139]
	Ordinal0 [0x00B7C9F1+2148849]
	Ordinal0 [0x00A743F0+1065968]
	Ordinal0 [0x00AA1F17+1253143]
	Ordinal0 [0x00A97AB3+1211059]
	Ordinal0 [0x00ABB9EC+1358316]
	Ordinal0 [0x00A97474+1209460]
	Ordinal0 [0x00ABBC04+1358852]
	Ordinal0 [0x00ACBAF2+1424114]
	Ordinal0 [0x00ABB806+1357830]
	Ordinal0 [0x00A96086+1204358]
	Ordinal0 [0x00A96F96+1208214]
	GetHandleVerifier [0x00D8B232+1658114]
	GetHandleVerifier [0x00E4312C+2411516]
	GetHandleVerifier [0x00C7F261+560433]
	GetHandleVerifier [0x00C7E366+556598]
	Ordinal0 [0x00B8286B+2173035]
	Ordinal0 [0x00B875F8+2192888]
	Ordinal0 [0x00B876E5+2193125]
	Ordinal0 [0x00B911FC+2232828]
	BaseThreadInitThunk [0x7705FA29+25]
	RtlGetAppContainerNamedObjectPath [0x77A17A7E+286]
	RtlGetAppContainerNamedObjectPath [0x77A17A4E+238]
</msg>
<status status="FAIL" starttime="20220329 16:20:35.467" endtime="20220329 16:20:35.739"/>
</kw>
<status status="FAIL" starttime="20220329 16:20:35.467" endtime="20220329 16:20:35.739"/>
</kw>
<kw name="Quando clicar unidade e selecionar Grande sao paulo" library="resource">
<status status="NOT RUN" starttime="20220329 16:20:35.740" endtime="20220329 16:20:35.740"/>
</kw>
<kw name="E selecionar Unidade &quot;avenida-paulista&quot;" library="unidades" sourcename="E selecionar Unidade &quot;${unidade}&quot;">
<status status="NOT RUN" starttime="20220329 16:20:35.740" endtime="20220329 16:20:35.740"/>
</kw>
<kw name="Entao pagina da unidade devera ser exibida &quot;Avenida Paulista&quot;" library="unidades" sourcename="Entao pagina da unidade devera ser exibida &quot;${nome_da_unidade}&quot;">
<status status="NOT RUN" starttime="20220329 16:20:35.740" endtime="20220329 16:20:35.740"/>
</kw>
<status status="FAIL" starttime="20220329 16:20:33.879" endtime="20220329 16:20:35.741">ElementNotInteractableException: Message: element not interactable
  (Session info: chrome=99.0.4844.84)
Stacktrace:
Backtrace:
	Ordinal0 [0x00BE9943+2595139]
	Ordinal0 [0x00B7C9F1+2148849]
	Ordinal0 [0x00A743F0+1065968]
	Ordinal0 [0x00AA1F17+1253143]
	Ordinal0 [0x00A97AB3+1211059]
	Ordinal0 [0x00ABB9EC+1358316]
	Ordinal0 [0x00A97474+1209460]
	Ordinal0 [0x00ABBC04+1358852]
	Ordinal0 [0x00ACBAF2+1424114]
	Ordinal0 [0x00ABB806+1357830]
	Ordinal0 [0x00A96086+1204358]
	Ordinal0 [0x00A96F96+1208214]
	GetHandleVerifier [0x00D8B232+1658114]
	GetHandleVerifier [0x00E4312C+2411516]
	GetHandleVerifier [0x00C7F261+560433]
	GetHandleVerifier [0x00C7E366+556598]
	Ordinal0 [0x00B8286B+2173035]
	Ordinal0 [0x00B875F8+2192888]
	Ordinal0 [0x00B876E5+2193125]
	Ordinal0 [0x00B911FC+2232828]
	BaseThreadInitThunk [0x7705FA29+25]
	RtlGetAppContainerNamedObjectPath [0x77A17A7E+286]
	RtlGetAppContainerNamedObjectPath [0x77A17A4E+238]
</status>
</test>
<test id="s1-t4" name="Cenario 4: Selecionar unidade belenzinho">
<kw name="Dado que acesso a pagina do sesc" library="resource">
<kw name="Go To" library="SeleniumLibrary">
<arg>${HOME}</arg>
<doc>Navigates the current browser window to the provided ``url``.</doc>
<msg timestamp="20220329 16:20:35.745" level="INFO">Opening url 'https://www.sescsp.org.br/'</msg>
<status status="PASS" starttime="20220329 16:20:35.744" endtime="20220329 16:20:37.343"/>
</kw>
<status status="PASS" starttime="20220329 16:20:35.744" endtime="20220329 16:20:37.343"/>
</kw>
<kw name="E clicar na aba Menu" library="resource">
<kw name="Click Element" library="SeleniumLibrary">
<arg>${MENU}</arg>
<doc>Click the element identified by ``locator``.</doc>
<msg timestamp="20220329 16:20:37.344" level="INFO">Clicking element '//*[@class="navbar-toggler-icon"]'.</msg>
<msg timestamp="20220329 16:20:37.591" level="INFO" html="true">&lt;/td&gt;&lt;/tr&gt;&lt;tr&gt;&lt;td colspan="3"&gt;&lt;a href="selenium-screenshot-4.png"&gt;&lt;img src="selenium-screenshot-4.png" width="800px"&gt;&lt;/a&gt;</msg>
<msg timestamp="20220329 16:20:37.593" level="FAIL">ElementNotInteractableException: Message: element not interactable
  (Session info: chrome=99.0.4844.84)
Stacktrace:
Backtrace:
	Ordinal0 [0x00BE9943+2595139]
	Ordinal0 [0x00B7C9F1+2148849]
	Ordinal0 [0x00A743F0+1065968]
	Ordinal0 [0x00AA1F17+1253143]
	Ordinal0 [0x00A97AB3+1211059]
	Ordinal0 [0x00ABB9EC+1358316]
	Ordinal0 [0x00A97474+1209460]
	Ordinal0 [0x00ABBC04+1358852]
	Ordinal0 [0x00ACBAF2+1424114]
	Ordinal0 [0x00ABB806+1357830]
	Ordinal0 [0x00A96086+1204358]
	Ordinal0 [0x00A96F96+1208214]
	GetHandleVerifier [0x00D8B232+1658114]
	GetHandleVerifier [0x00E4312C+2411516]
	GetHandleVerifier [0x00C7F261+560433]
	GetHandleVerifier [0x00C7E366+556598]
	Ordinal0 [0x00B8286B+2173035]
	Ordinal0 [0x00B875F8+2192888]
	Ordinal0 [0x00B876E5+2193125]
	Ordinal0 [0x00B911FC+2232828]
	BaseThreadInitThunk [0x7705FA29+25]
	RtlGetAppContainerNamedObjectPath [0x77A17A7E+286]
	RtlGetAppContainerNamedObjectPath [0x77A17A4E+238]
</msg>
<status status="FAIL" starttime="20220329 16:20:37.344" endtime="20220329 16:20:37.593"/>
</kw>
<status status="FAIL" starttime="20220329 16:20:37.343" endtime="20220329 16:20:37.593"/>
</kw>
<kw name="Quando clicar unidade e selecionar Grande sao paulo" library="resource">
<status status="NOT RUN" starttime="20220329 16:20:37.594" endtime="20220329 16:20:37.594"/>
</kw>
<kw name="E selecionar Unidade &quot;belenzinho&quot;" library="unidades" sourcename="E selecionar Unidade &quot;${unidade}&quot;">
<status status="NOT RUN" starttime="20220329 16:20:37.594" endtime="20220329 16:20:37.594"/>
</kw>
<kw name="Entao pagina da unidade devera ser exibida &quot;Belenzinho&quot;" library="unidades" sourcename="Entao pagina da unidade devera ser exibida &quot;${nome_da_unidade}&quot;">
<status status="NOT RUN" starttime="20220329 16:20:37.594" endtime="20220329 16:20:37.594"/>
</kw>
<status status="FAIL" starttime="20220329 16:20:35.744" endtime="20220329 16:20:37.595">ElementNotInteractableException: Message: element not interactable
  (Session info: chrome=99.0.4844.84)
Stacktrace:
Backtrace:
	Ordinal0 [0x00BE9943+2595139]
	Ordinal0 [0x00B7C9F1+2148849]
	Ordinal0 [0x00A743F0+1065968]
	Ordinal0 [0x00AA1F17+1253143]
	Ordinal0 [0x00A97AB3+1211059]
	Ordinal0 [0x00ABB9EC+1358316]
	Ordinal0 [0x00A97474+1209460]
	Ordinal0 [0x00ABBC04+1358852]
	Ordinal0 [0x00ACBAF2+1424114]
	Ordinal0 [0x00ABB806+1357830]
	Ordinal0 [0x00A96086+1204358]
	Ordinal0 [0x00A96F96+1208214]
	GetHandleVerifier [0x00D8B232+1658114]
	GetHandleVerifier [0x00E4312C+2411516]
	GetHandleVerifier [0x00C7F261+560433]
	GetHandleVerifier [0x00C7E366+556598]
	Ordinal0 [0x00B8286B+2173035]
	Ordinal0 [0x00B875F8+2192888]
	Ordinal0 [0x00B876E5+2193125]
	Ordinal0 [0x00B911FC+2232828]
	BaseThreadInitThunk [0x7705FA29+25]
	RtlGetAppContainerNamedObjectPath [0x77A17A7E+286]
	RtlGetAppContainerNamedObjectPath [0x77A17A4E+238]
</status>
</test>
<test id="s1-t5" name="Cenario 5: Selecionar unidade bom-retiro">
<kw name="Dado que acesso a pagina do sesc" library="resource">
<kw name="Go To" library="SeleniumLibrary">
<arg>${HOME}</arg>
<doc>Navigates the current browser window to the provided ``url``.</doc>
<msg timestamp="20220329 16:20:37.598" level="INFO">Opening url 'https://www.sescsp.org.br/'</msg>
<status status="PASS" starttime="20220329 16:20:37.598" endtime="20220329 16:20:38.773"/>
</kw>
<status status="PASS" starttime="20220329 16:20:37.598" endtime="20220329 16:20:38.774"/>
</kw>
<kw name="E clicar na aba Menu" library="resource">
<kw name="Click Element" library="SeleniumLibrary">
<arg>${MENU}</arg>
<doc>Click the element identified by ``locator``.</doc>
<msg timestamp="20220329 16:20:38.775" level="INFO">Clicking element '//*[@class="navbar-toggler-icon"]'.</msg>
<msg timestamp="20220329 16:20:39.043" level="INFO" html="true">&lt;/td&gt;&lt;/tr&gt;&lt;tr&gt;&lt;td colspan="3"&gt;&lt;a href="selenium-screenshot-5.png"&gt;&lt;img src="selenium-screenshot-5.png" width="800px"&gt;&lt;/a&gt;</msg>
<msg timestamp="20220329 16:20:39.045" level="FAIL">ElementNotInteractableException: Message: element not interactable
  (Session info: chrome=99.0.4844.84)
Stacktrace:
Backtrace:
	Ordinal0 [0x00BE9943+2595139]
	Ordinal0 [0x00B7C9F1+2148849]
	Ordinal0 [0x00A743F0+1065968]
	Ordinal0 [0x00AA1F17+1253143]
	Ordinal0 [0x00A97AB3+1211059]
	Ordinal0 [0x00ABB9EC+1358316]
	Ordinal0 [0x00A97474+1209460]
	Ordinal0 [0x00ABBC04+1358852]
	Ordinal0 [0x00ACBAF2+1424114]
	Ordinal0 [0x00ABB806+1357830]
	Ordinal0 [0x00A96086+1204358]
	Ordinal0 [0x00A96F96+1208214]
	GetHandleVerifier [0x00D8B232+1658114]
	GetHandleVerifier [0x00E4312C+2411516]
	GetHandleVerifier [0x00C7F261+560433]
	GetHandleVerifier [0x00C7E366+556598]
	Ordinal0 [0x00B8286B+2173035]
	Ordinal0 [0x00B875F8+2192888]
	Ordinal0 [0x00B876E5+2193125]
	Ordinal0 [0x00B911FC+2232828]
	BaseThreadInitThunk [0x7705FA29+25]
	RtlGetAppContainerNamedObjectPath [0x77A17A7E+286]
	RtlGetAppContainerNamedObjectPath [0x77A17A4E+238]
</msg>
<status status="FAIL" starttime="20220329 16:20:38.774" endtime="20220329 16:20:39.045"/>
</kw>
<status status="FAIL" starttime="20220329 16:20:38.774" endtime="20220329 16:20:39.045"/>
</kw>
<kw name="Quando clicar unidade e selecionar Grande sao paulo" library="resource">
<status status="NOT RUN" starttime="20220329 16:20:39.046" endtime="20220329 16:20:39.046"/>
</kw>
<kw name="E selecionar Unidade &quot;bom-retiro&quot;" library="unidades" sourcename="E selecionar Unidade &quot;${unidade}&quot;">
<status status="NOT RUN" starttime="20220329 16:20:39.046" endtime="20220329 16:20:39.046"/>
</kw>
<kw name="Entao pagina da unidade devera ser exibida &quot;Bom Retiro&quot;" library="unidades" sourcename="Entao pagina da unidade devera ser exibida &quot;${nome_da_unidade}&quot;">
<status status="NOT RUN" starttime="20220329 16:20:39.046" endtime="20220329 16:20:39.046"/>
</kw>
<status status="FAIL" starttime="20220329 16:20:37.597" endtime="20220329 16:20:39.047">ElementNotInteractableException: Message: element not interactable
  (Session info: chrome=99.0.4844.84)
Stacktrace:
Backtrace:
	Ordinal0 [0x00BE9943+2595139]
	Ordinal0 [0x00B7C9F1+2148849]
	Ordinal0 [0x00A743F0+1065968]
	Ordinal0 [0x00AA1F17+1253143]
	Ordinal0 [0x00A97AB3+1211059]
	Ordinal0 [0x00ABB9EC+1358316]
	Ordinal0 [0x00A97474+1209460]
	Ordinal0 [0x00ABBC04+1358852]
	Ordinal0 [0x00ACBAF2+1424114]
	Ordinal0 [0x00ABB806+1357830]
	Ordinal0 [0x00A96086+1204358]
	Ordinal0 [0x00A96F96+1208214]
	GetHandleVerifier [0x00D8B232+1658114]
	GetHandleVerifier [0x00E4312C+2411516]
	GetHandleVerifier [0x00C7F261+560433]
	GetHandleVerifier [0x00C7E366+556598]
	Ordinal0 [0x00B8286B+2173035]
	Ordinal0 [0x00B875F8+2192888]
	Ordinal0 [0x00B876E5+2193125]
	Ordinal0 [0x00B911FC+2232828]
	BaseThreadInitThunk [0x7705FA29+25]
	RtlGetAppContainerNamedObjectPath [0x77A17A7E+286]
	RtlGetAppContainerNamedObjectPath [0x77A17A4E+238]
</status>
</test>
<test id="s1-t6" name="Cenario 6: Selecionar unidade campo-limpo">
<kw name="Dado que acesso a pagina do sesc" library="resource">
<kw name="Go To" library="SeleniumLibrary">
<arg>${HOME}</arg>
<doc>Navigates the current browser window to the provided ``url``.</doc>
<msg timestamp="20220329 16:20:39.051" level="INFO">Opening url 'https://www.sescsp.org.br/'</msg>
<status status="PASS" starttime="20220329 16:20:39.050" endtime="20220329 16:20:40.273"/>
</kw>
<status status="PASS" starttime="20220329 16:20:39.050" endtime="20220329 16:20:40.274"/>
</kw>
<kw name="E clicar na aba Menu" library="resource">
<kw name="Click Element" library="SeleniumLibrary">
<arg>${MENU}</arg>
<doc>Click the element identified by ``locator``.</doc>
<msg timestamp="20220329 16:20:40.275" level="INFO">Clicking element '//*[@class="navbar-toggler-icon"]'.</msg>
<msg timestamp="20220329 16:20:40.530" level="INFO" html="true">&lt;/td&gt;&lt;/tr&gt;&lt;tr&gt;&lt;td colspan="3"&gt;&lt;a href="selenium-screenshot-6.png"&gt;&lt;img src="selenium-screenshot-6.png" width="800px"&gt;&lt;/a&gt;</msg>
<msg timestamp="20220329 16:20:40.532" level="FAIL">ElementNotInteractableException: Message: element not interactable
  (Session info: chrome=99.0.4844.84)
Stacktrace:
Backtrace:
	Ordinal0 [0x00BE9943+2595139]
	Ordinal0 [0x00B7C9F1+2148849]
	Ordinal0 [0x00A743F0+1065968]
	Ordinal0 [0x00AA1F17+1253143]
	Ordinal0 [0x00A97AB3+1211059]
	Ordinal0 [0x00ABB9EC+1358316]
	Ordinal0 [0x00A97474+1209460]
	Ordinal0 [0x00ABBC04+1358852]
	Ordinal0 [0x00ACBAF2+1424114]
	Ordinal0 [0x00ABB806+1357830]
	Ordinal0 [0x00A96086+1204358]
	Ordinal0 [0x00A96F96+1208214]
	GetHandleVerifier [0x00D8B232+1658114]
	GetHandleVerifier [0x00E4312C+2411516]
	GetHandleVerifier [0x00C7F261+560433]
	GetHandleVerifier [0x00C7E366+556598]
	Ordinal0 [0x00B8286B+2173035]
	Ordinal0 [0x00B875F8+2192888]
	Ordinal0 [0x00B876E5+2193125]
	Ordinal0 [0x00B911FC+2232828]
	BaseThreadInitThunk [0x7705FA29+25]
	RtlGetAppContainerNamedObjectPath [0x77A17A7E+286]
	RtlGetAppContainerNamedObjectPath [0x77A17A4E+238]
</msg>
<status status="FAIL" starttime="20220329 16:20:40.274" endtime="20220329 16:20:40.532"/>
</kw>
<status status="FAIL" starttime="20220329 16:20:40.274" endtime="20220329 16:20:40.532"/>
</kw>
<kw name="Quando clicar unidade e selecionar Grande sao paulo" library="resource">
<status status="NOT RUN" starttime="20220329 16:20:40.533" endtime="20220329 16:20:40.533"/>
</kw>
<kw name="E selecionar Unidade &quot;campo-limpo&quot;" library="unidades" sourcename="E selecionar Unidade &quot;${unidade}&quot;">
<status status="NOT RUN" starttime="20220329 16:20:40.533" endtime="20220329 16:20:40.533"/>
</kw>
<kw name="Entao pagina da unidade devera ser exibida &quot;Campo Limpo&quot;" library="unidades" sourcename="Entao pagina da unidade devera ser exibida &quot;${nome_da_unidade}&quot;">
<status status="NOT RUN" starttime="20220329 16:20:40.533" endtime="20220329 16:20:40.534"/>
</kw>
<status status="FAIL" starttime="20220329 16:20:39.049" endtime="20220329 16:20:40.534">ElementNotInteractableException: Message: element not interactable
  (Session info: chrome=99.0.4844.84)
Stacktrace:
Backtrace:
	Ordinal0 [0x00BE9943+2595139]
	Ordinal0 [0x00B7C9F1+2148849]
	Ordinal0 [0x00A743F0+1065968]
	Ordinal0 [0x00AA1F17+1253143]
	Ordinal0 [0x00A97AB3+1211059]
	Ordinal0 [0x00ABB9EC+1358316]
	Ordinal0 [0x00A97474+1209460]
	Ordinal0 [0x00ABBC04+1358852]
	Ordinal0 [0x00ACBAF2+1424114]
	Ordinal0 [0x00ABB806+1357830]
	Ordinal0 [0x00A96086+1204358]
	Ordinal0 [0x00A96F96+1208214]
	GetHandleVerifier [0x00D8B232+1658114]
	GetHandleVerifier [0x00E4312C+2411516]
	GetHandleVerifier [0x00C7F261+560433]
	GetHandleVerifier [0x00C7E366+556598]
	Ordinal0 [0x00B8286B+2173035]
	Ordinal0 [0x00B875F8+2192888]
	Ordinal0 [0x00B876E5+2193125]
	Ordinal0 [0x00B911FC+2232828]
	BaseThreadInitThunk [0x7705FA29+25]
	RtlGetAppContainerNamedObjectPath [0x77A17A7E+286]
	RtlGetAppContainerNamedObjectPath [0x77A17A4E+238]
</status>
</test>
<test id="s1-t7" name="Cenario 7: Selecionar unidade carmo">
<kw name="Dado que acesso a pagina do sesc" library="resource">
<kw name="Go To" library="SeleniumLibrary">
<arg>${HOME}</arg>
<doc>Navigates the current browser window to the provided ``url``.</doc>
<msg timestamp="20220329 16:20:40.537" level="INFO">Opening url 'https://www.sescsp.org.br/'</msg>
<status status="PASS" starttime="20220329 16:20:40.537" endtime="20220329 16:20:42.330"/>
</kw>
<status status="PASS" starttime="20220329 16:20:40.537" endtime="20220329 16:20:42.330"/>
</kw>
<kw name="E clicar na aba Menu" library="resource">
<kw name="Click Element" library="SeleniumLibrary">
<arg>${MENU}</arg>
<doc>Click the element identified by ``locator``.</doc>
<msg timestamp="20220329 16:20:42.331" level="INFO">Clicking element '//*[@class="navbar-toggler-icon"]'.</msg>
<msg timestamp="20220329 16:20:42.580" level="INFO" html="true">&lt;/td&gt;&lt;/tr&gt;&lt;tr&gt;&lt;td colspan="3"&gt;&lt;a href="selenium-screenshot-7.png"&gt;&lt;img src="selenium-screenshot-7.png" width="800px"&gt;&lt;/a&gt;</msg>
<msg timestamp="20220329 16:20:42.581" level="FAIL">ElementNotInteractableException: Message: element not interactable
  (Session info: chrome=99.0.4844.84)
Stacktrace:
Backtrace:
	Ordinal0 [0x00BE9943+2595139]
	Ordinal0 [0x00B7C9F1+2148849]
	Ordinal0 [0x00A743F0+1065968]
	Ordinal0 [0x00AA1F17+1253143]
	Ordinal0 [0x00A97AB3+1211059]
	Ordinal0 [0x00ABB9EC+1358316]
	Ordinal0 [0x00A97474+1209460]
	Ordinal0 [0x00ABBC04+1358852]
	Ordinal0 [0x00ACBAF2+1424114]
	Ordinal0 [0x00ABB806+1357830]
	Ordinal0 [0x00A96086+1204358]
	Ordinal0 [0x00A96F96+1208214]
	GetHandleVerifier [0x00D8B232+1658114]
	GetHandleVerifier [0x00E4312C+2411516]
	GetHandleVerifier [0x00C7F261+560433]
	GetHandleVerifier [0x00C7E366+556598]
	Ordinal0 [0x00B8286B+2173035]
	Ordinal0 [0x00B875F8+2192888]
	Ordinal0 [0x00B876E5+2193125]
	Ordinal0 [0x00B911FC+2232828]
	BaseThreadInitThunk [0x7705FA29+25]
	RtlGetAppContainerNamedObjectPath [0x77A17A7E+286]
	RtlGetAppContainerNamedObjectPath [0x77A17A4E+238]
</msg>
<status status="FAIL" starttime="20220329 16:20:42.330" endtime="20220329 16:20:42.581"/>
</kw>
<status status="FAIL" starttime="20220329 16:20:42.330" endtime="20220329 16:20:42.582"/>
</kw>
<kw name="Quando clicar unidade e selecionar Grande sao paulo" library="resource">
<status status="NOT RUN" starttime="20220329 16:20:42.582" endtime="20220329 16:20:42.582"/>
</kw>
<kw name="E selecionar Unidade &quot;carmo&quot;" library="unidades" sourcename="E selecionar Unidade &quot;${unidade}&quot;">
<status status="NOT RUN" starttime="20220329 16:20:42.582" endtime="20220329 16:20:42.582"/>
</kw>
<kw name="Entao pagina da unidade devera ser exibida &quot;Carmo&quot;" library="unidades" sourcename="Entao pagina da unidade devera ser exibida &quot;${nome_da_unidade}&quot;">
<status status="NOT RUN" starttime="20220329 16:20:42.582" endtime="20220329 16:20:42.582"/>
</kw>
<status status="FAIL" starttime="20220329 16:20:40.536" endtime="20220329 16:20:42.583">ElementNotInteractableException: Message: element not interactable
  (Session info: chrome=99.0.4844.84)
Stacktrace:
Backtrace:
	Ordinal0 [0x00BE9943+2595139]
	Ordinal0 [0x00B7C9F1+2148849]
	Ordinal0 [0x00A743F0+1065968]
	Ordinal0 [0x00AA1F17+1253143]
	Ordinal0 [0x00A97AB3+1211059]
	Ordinal0 [0x00ABB9EC+1358316]
	Ordinal0 [0x00A97474+1209460]
	Ordinal0 [0x00ABBC04+1358852]
	Ordinal0 [0x00ACBAF2+1424114]
	Ordinal0 [0x00ABB806+1357830]
	Ordinal0 [0x00A96086+1204358]
	Ordinal0 [0x00A96F96+1208214]
	GetHandleVerifier [0x00D8B232+1658114]
	GetHandleVerifier [0x00E4312C+2411516]
	GetHandleVerifier [0x00C7F261+560433]
	GetHandleVerifier [0x00C7E366+556598]
	Ordinal0 [0x00B8286B+2173035]
	Ordinal0 [0x00B875F8+2192888]
	Ordinal0 [0x00B876E5+2193125]
	Ordinal0 [0x00B911FC+2232828]
	BaseThreadInitThunk [0x7705FA29+25]
	RtlGetAppContainerNamedObjectPath [0x77A17A7E+286]
	RtlGetAppContainerNamedObjectPath [0x77A17A4E+238]
</status>
</test>
<test id="s1-t8" name="Cenario 8: Selecionar unidade centro-de-pesquisa-e-formacao">
<kw name="Dado que acesso a pagina do sesc" library="resource">
<kw name="Go To" library="SeleniumLibrary">
<arg>${HOME}</arg>
<doc>Navigates the current browser window to the provided ``url``.</doc>
<msg timestamp="20220329 16:20:42.586" level="INFO">Opening url 'https://www.sescsp.org.br/'</msg>
<status status="PASS" starttime="20220329 16:20:42.586" endtime="20220329 16:20:43.817"/>
</kw>
<status status="PASS" starttime="20220329 16:20:42.586" endtime="20220329 16:20:43.817"/>
</kw>
<kw name="E clicar na aba Menu" library="resource">
<kw name="Click Element" library="SeleniumLibrary">
<arg>${MENU}</arg>
<doc>Click the element identified by ``locator``.</doc>
<msg timestamp="20220329 16:20:43.818" level="INFO">Clicking element '//*[@class="navbar-toggler-icon"]'.</msg>
<msg timestamp="20220329 16:20:44.066" level="INFO" html="true">&lt;/td&gt;&lt;/tr&gt;&lt;tr&gt;&lt;td colspan="3"&gt;&lt;a href="selenium-screenshot-8.png"&gt;&lt;img src="selenium-screenshot-8.png" width="800px"&gt;&lt;/a&gt;</msg>
<msg timestamp="20220329 16:20:44.068" level="FAIL">ElementNotInteractableException: Message: element not interactable
  (Session info: chrome=99.0.4844.84)
Stacktrace:
Backtrace:
	Ordinal0 [0x00BE9943+2595139]
	Ordinal0 [0x00B7C9F1+2148849]
	Ordinal0 [0x00A743F0+1065968]
	Ordinal0 [0x00AA1F17+1253143]
	Ordinal0 [0x00A97AB3+1211059]
	Ordinal0 [0x00ABB9EC+1358316]
	Ordinal0 [0x00A97474+1209460]
	Ordinal0 [0x00ABBC04+1358852]
	Ordinal0 [0x00ACBAF2+1424114]
	Ordinal0 [0x00ABB806+1357830]
	Ordinal0 [0x00A96086+1204358]
	Ordinal0 [0x00A96F96+1208214]
	GetHandleVerifier [0x00D8B232+1658114]
	GetHandleVerifier [0x00E4312C+2411516]
	GetHandleVerifier [0x00C7F261+560433]
	GetHandleVerifier [0x00C7E366+556598]
	Ordinal0 [0x00B8286B+2173035]
	Ordinal0 [0x00B875F8+2192888]
	Ordinal0 [0x00B876E5+2193125]
	Ordinal0 [0x00B911FC+2232828]
	BaseThreadInitThunk [0x7705FA29+25]
	RtlGetAppContainerNamedObjectPath [0x77A17A7E+286]
	RtlGetAppContainerNamedObjectPath [0x77A17A4E+238]
</msg>
<status status="FAIL" starttime="20220329 16:20:43.817" endtime="20220329 16:20:44.068"/>
</kw>
<status status="FAIL" starttime="20220329 16:20:43.817" endtime="20220329 16:20:44.068"/>
</kw>
<kw name="Quando clicar unidade e selecionar Grande sao paulo" library="resource">
<status status="NOT RUN" starttime="20220329 16:20:44.069" endtime="20220329 16:20:44.069"/>
</kw>
<kw name="E selecionar Unidade &quot;centro-de-pesquisa-e-formacao&quot;" library="unidades" sourcename="E selecionar Unidade &quot;${unidade}&quot;">
<status status="NOT RUN" starttime="20220329 16:20:44.069" endtime="20220329 16:20:44.069"/>
</kw>
<kw name="Entao pagina da unidade devera ser exibida &quot;Centro de Pesquisa e Formação&quot;" library="unidades" sourcename="Entao pagina da unidade devera ser exibida &quot;${nome_da_unidade}&quot;">
<status status="NOT RUN" starttime="20220329 16:20:44.069" endtime="20220329 16:20:44.069"/>
</kw>
<status status="FAIL" starttime="20220329 16:20:42.585" endtime="20220329 16:20:44.069">ElementNotInteractableException: Message: element not interactable
  (Session info: chrome=99.0.4844.84)
Stacktrace:
Backtrace:
	Ordinal0 [0x00BE9943+2595139]
	Ordinal0 [0x00B7C9F1+2148849]
	Ordinal0 [0x00A743F0+1065968]
	Ordinal0 [0x00AA1F17+1253143]
	Ordinal0 [0x00A97AB3+1211059]
	Ordinal0 [0x00ABB9EC+1358316]
	Ordinal0 [0x00A97474+1209460]
	Ordinal0 [0x00ABBC04+1358852]
	Ordinal0 [0x00ACBAF2+1424114]
	Ordinal0 [0x00ABB806+1357830]
	Ordinal0 [0x00A96086+1204358]
	Ordinal0 [0x00A96F96+1208214]
	GetHandleVerifier [0x00D8B232+1658114]
	GetHandleVerifier [0x00E4312C+2411516]
	GetHandleVerifier [0x00C7F261+560433]
	GetHandleVerifier [0x00C7E366+556598]
	Ordinal0 [0x00B8286B+2173035]
	Ordinal0 [0x00B875F8+2192888]
	Ordinal0 [0x00B876E5+2193125]
	Ordinal0 [0x00B911FC+2232828]
	BaseThreadInitThunk [0x7705FA29+25]
	RtlGetAppContainerNamedObjectPath [0x77A17A7E+286]
	RtlGetAppContainerNamedObjectPath [0x77A17A4E+238]
</status>
</test>
<test id="s1-t9" name="Cenario 9: Selecionar unidade consolacao">
<kw name="Dado que acesso a pagina do sesc" library="resource">
<kw name="Go To" library="SeleniumLibrary">
<arg>${HOME}</arg>
<doc>Navigates the current browser window to the provided ``url``.</doc>
<msg timestamp="20220329 16:20:44.073" level="INFO">Opening url 'https://www.sescsp.org.br/'</msg>
<status status="PASS" starttime="20220329 16:20:44.073" endtime="20220329 16:20:45.601"/>
</kw>
<status status="PASS" starttime="20220329 16:20:44.072" endtime="20220329 16:20:45.601"/>
</kw>
<kw name="E clicar na aba Menu" library="resource">
<kw name="Click Element" library="SeleniumLibrary">
<arg>${MENU}</arg>
<doc>Click the element identified by ``locator``.</doc>
<msg timestamp="20220329 16:20:45.602" level="INFO">Clicking element '//*[@class="navbar-toggler-icon"]'.</msg>
<msg timestamp="20220329 16:20:45.850" level="INFO" html="true">&lt;/td&gt;&lt;/tr&gt;&lt;tr&gt;&lt;td colspan="3"&gt;&lt;a href="selenium-screenshot-9.png"&gt;&lt;img src="selenium-screenshot-9.png" width="800px"&gt;&lt;/a&gt;</msg>
<msg timestamp="20220329 16:20:45.851" level="FAIL">ElementNotInteractableException: Message: element not interactable
  (Session info: chrome=99.0.4844.84)
Stacktrace:
Backtrace:
	Ordinal0 [0x00BE9943+2595139]
	Ordinal0 [0x00B7C9F1+2148849]
	Ordinal0 [0x00A743F0+1065968]
	Ordinal0 [0x00AA1F17+1253143]
	Ordinal0 [0x00A97AB3+1211059]
	Ordinal0 [0x00ABB9EC+1358316]
	Ordinal0 [0x00A97474+1209460]
	Ordinal0 [0x00ABBC04+1358852]
	Ordinal0 [0x00ACBAF2+1424114]
	Ordinal0 [0x00ABB806+1357830]
	Ordinal0 [0x00A96086+1204358]
	Ordinal0 [0x00A96F96+1208214]
	GetHandleVerifier [0x00D8B232+1658114]
	GetHandleVerifier [0x00E4312C+2411516]
	GetHandleVerifier [0x00C7F261+560433]
	GetHandleVerifier [0x00C7E366+556598]
	Ordinal0 [0x00B8286B+2173035]
	Ordinal0 [0x00B875F8+2192888]
	Ordinal0 [0x00B876E5+2193125]
	Ordinal0 [0x00B911FC+2232828]
	BaseThreadInitThunk [0x7705FA29+25]
	RtlGetAppContainerNamedObjectPath [0x77A17A7E+286]
	RtlGetAppContainerNamedObjectPath [0x77A17A4E+238]
</msg>
<status status="FAIL" starttime="20220329 16:20:45.601" endtime="20220329 16:20:45.851"/>
</kw>
<status status="FAIL" starttime="20220329 16:20:45.601" endtime="20220329 16:20:45.852"/>
</kw>
<kw name="Quando clicar unidade e selecionar Grande sao paulo" library="resource">
<status status="NOT RUN" starttime="20220329 16:20:45.852" endtime="20220329 16:20:45.852"/>
</kw>
<kw name="E selecionar Unidade &quot;consolacao&quot;" library="unidades" sourcename="E selecionar Unidade &quot;${unidade}&quot;">
<status status="NOT RUN" starttime="20220329 16:20:45.852" endtime="20220329 16:20:45.853"/>
</kw>
<kw name="Entao pagina da unidade devera ser exibida &quot;Consolação&quot;" library="unidades" sourcename="Entao pagina da unidade devera ser exibida &quot;${nome_da_unidade}&quot;">
<status status="NOT RUN" starttime="20220329 16:20:45.853" endtime="20220329 16:20:45.853"/>
</kw>
<status status="FAIL" starttime="20220329 16:20:44.072" endtime="20220329 16:20:45.853">ElementNotInteractableException: Message: element not interactable
  (Session info: chrome=99.0.4844.84)
Stacktrace:
Backtrace:
	Ordinal0 [0x00BE9943+2595139]
	Ordinal0 [0x00B7C9F1+2148849]
	Ordinal0 [0x00A743F0+1065968]
	Ordinal0 [0x00AA1F17+1253143]
	Ordinal0 [0x00A97AB3+1211059]
	Ordinal0 [0x00ABB9EC+1358316]
	Ordinal0 [0x00A97474+1209460]
	Ordinal0 [0x00ABBC04+1358852]
	Ordinal0 [0x00ACBAF2+1424114]
	Ordinal0 [0x00ABB806+1357830]
	Ordinal0 [0x00A96086+1204358]
	Ordinal0 [0x00A96F96+1208214]
	GetHandleVerifier [0x00D8B232+1658114]
	GetHandleVerifier [0x00E4312C+2411516]
	GetHandleVerifier [0x00C7F261+560433]
	GetHandleVerifier [0x00C7E366+556598]
	Ordinal0 [0x00B8286B+2173035]
	Ordinal0 [0x00B875F8+2192888]
	Ordinal0 [0x00B876E5+2193125]
	Ordinal0 [0x00B911FC+2232828]
	BaseThreadInitThunk [0x7705FA29+25]
	RtlGetAppContainerNamedObjectPath [0x77A17A7E+286]
	RtlGetAppContainerNamedObjectPath [0x77A17A4E+238]
</status>
</test>
<test id="s1-t10" name="Cenario 10: Selecionar unidade cinesesc">
<kw name="Dado que acesso a pagina do sesc" library="resource">
<kw name="Go To" library="SeleniumLibrary">
<arg>${HOME}</arg>
<doc>Navigates the current browser window to the provided ``url``.</doc>
<msg timestamp="20220329 16:20:45.856" level="INFO">Opening url 'https://www.sescsp.org.br/'</msg>
<status status="PASS" starttime="20220329 16:20:45.856" endtime="20220329 16:20:47.383"/>
</kw>
<status status="PASS" starttime="20220329 16:20:45.856" endtime="20220329 16:20:47.383"/>
</kw>
<kw name="E clicar na aba Menu" library="resource">
<kw name="Click Element" library="SeleniumLibrary">
<arg>${MENU}</arg>
<doc>Click the element identified by ``locator``.</doc>
<msg timestamp="20220329 16:20:47.384" level="INFO">Clicking element '//*[@class="navbar-toggler-icon"]'.</msg>
<msg timestamp="20220329 16:20:47.636" level="INFO" html="true">&lt;/td&gt;&lt;/tr&gt;&lt;tr&gt;&lt;td colspan="3"&gt;&lt;a href="selenium-screenshot-10.png"&gt;&lt;img src="selenium-screenshot-10.png" width="800px"&gt;&lt;/a&gt;</msg>
<msg timestamp="20220329 16:20:47.637" level="FAIL">ElementNotInteractableException: Message: element not interactable
  (Session info: chrome=99.0.4844.84)
Stacktrace:
Backtrace:
	Ordinal0 [0x00BE9943+2595139]
	Ordinal0 [0x00B7C9F1+2148849]
	Ordinal0 [0x00A743F0+1065968]
	Ordinal0 [0x00AA1F17+1253143]
	Ordinal0 [0x00A97AB3+1211059]
	Ordinal0 [0x00ABB9EC+1358316]
	Ordinal0 [0x00A97474+1209460]
	Ordinal0 [0x00ABBC04+1358852]
	Ordinal0 [0x00ACBAF2+1424114]
	Ordinal0 [0x00ABB806+1357830]
	Ordinal0 [0x00A96086+1204358]
	Ordinal0 [0x00A96F96+1208214]
	GetHandleVerifier [0x00D8B232+1658114]
	GetHandleVerifier [0x00E4312C+2411516]
	GetHandleVerifier [0x00C7F261+560433]
	GetHandleVerifier [0x00C7E366+556598]
	Ordinal0 [0x00B8286B+2173035]
	Ordinal0 [0x00B875F8+2192888]
	Ordinal0 [0x00B876E5+2193125]
	Ordinal0 [0x00B911FC+2232828]
	BaseThreadInitThunk [0x7705FA29+25]
	RtlGetAppContainerNamedObjectPath [0x77A17A7E+286]
	RtlGetAppContainerNamedObjectPath [0x77A17A4E+238]
</msg>
<status status="FAIL" starttime="20220329 16:20:47.383" endtime="20220329 16:20:47.637"/>
</kw>
<status status="FAIL" starttime="20220329 16:20:47.383" endtime="20220329 16:20:47.637"/>
</kw>
<kw name="Quando clicar unidade e selecionar Grande sao paulo" library="resource">
<status status="NOT RUN" starttime="20220329 16:20:47.638" endtime="20220329 16:20:47.638"/>
</kw>
<kw name="E selecionar Unidade &quot;cinesesc&quot;" library="unidades" sourcename="E selecionar Unidade &quot;${unidade}&quot;">
<status status="NOT RUN" starttime="20220329 16:20:47.638" endtime="20220329 16:20:47.638"/>
</kw>
<kw name="Entao pagina da unidade devera ser exibida &quot;CineSesc&quot;" library="unidades" sourcename="Entao pagina da unidade devera ser exibida &quot;${nome_da_unidade}&quot;">
<status status="NOT RUN" starttime="20220329 16:20:47.638" endtime="20220329 16:20:47.639"/>
</kw>
<status status="FAIL" starttime="20220329 16:20:45.855" endtime="20220329 16:20:47.639">ElementNotInteractableException: Message: element not interactable
  (Session info: chrome=99.0.4844.84)
Stacktrace:
Backtrace:
	Ordinal0 [0x00BE9943+2595139]
	Ordinal0 [0x00B7C9F1+2148849]
	Ordinal0 [0x00A743F0+1065968]
	Ordinal0 [0x00AA1F17+1253143]
	Ordinal0 [0x00A97AB3+1211059]
	Ordinal0 [0x00ABB9EC+1358316]
	Ordinal0 [0x00A97474+1209460]
	Ordinal0 [0x00ABBC04+1358852]
	Ordinal0 [0x00ACBAF2+1424114]
	Ordinal0 [0x00ABB806+1357830]
	Ordinal0 [0x00A96086+1204358]
	Ordinal0 [0x00A96F96+1208214]
	GetHandleVerifier [0x00D8B232+1658114]
	GetHandleVerifier [0x00E4312C+2411516]
	GetHandleVerifier [0x00C7F261+560433]
	GetHandleVerifier [0x00C7E366+556598]
	Ordinal0 [0x00B8286B+2173035]
	Ordinal0 [0x00B875F8+2192888]
	Ordinal0 [0x00B876E5+2193125]
	Ordinal0 [0x00B911FC+2232828]
	BaseThreadInitThunk [0x7705FA29+25]
	RtlGetAppContainerNamedObjectPath [0x77A17A7E+286]
	RtlGetAppContainerNamedObjectPath [0x77A17A4E+238]
</status>
</test>
<test id="s1-t11" name="Cenario 11: Selecionar unidade florencio-de-abreu">
<kw name="Dado que acesso a pagina do sesc" library="resource">
<kw name="Go To" library="SeleniumLibrary">
<arg>${HOME}</arg>
<doc>Navigates the current browser window to the provided ``url``.</doc>
<msg timestamp="20220329 16:20:47.642" level="INFO">Opening url 'https://www.sescsp.org.br/'</msg>
<status status="PASS" starttime="20220329 16:20:47.642" endtime="20220329 16:20:49.137"/>
</kw>
<status status="PASS" starttime="20220329 16:20:47.642" endtime="20220329 16:20:49.137"/>
</kw>
<kw name="E clicar na aba Menu" library="resource">
<kw name="Click Element" library="SeleniumLibrary">
<arg>${MENU}</arg>
<doc>Click the element identified by ``locator``.</doc>
<msg timestamp="20220329 16:20:49.138" level="INFO">Clicking element '//*[@class="navbar-toggler-icon"]'.</msg>
<msg timestamp="20220329 16:20:49.386" level="INFO" html="true">&lt;/td&gt;&lt;/tr&gt;&lt;tr&gt;&lt;td colspan="3"&gt;&lt;a href="selenium-screenshot-11.png"&gt;&lt;img src="selenium-screenshot-11.png" width="800px"&gt;&lt;/a&gt;</msg>
<msg timestamp="20220329 16:20:49.387" level="FAIL">ElementNotInteractableException: Message: element not interactable
  (Session info: chrome=99.0.4844.84)
Stacktrace:
Backtrace:
	Ordinal0 [0x00BE9943+2595139]
	Ordinal0 [0x00B7C9F1+2148849]
	Ordinal0 [0x00A743F0+1065968]
	Ordinal0 [0x00AA1F17+1253143]
	Ordinal0 [0x00A97AB3+1211059]
	Ordinal0 [0x00ABB9EC+1358316]
	Ordinal0 [0x00A97474+1209460]
	Ordinal0 [0x00ABBC04+1358852]
	Ordinal0 [0x00ACBAF2+1424114]
	Ordinal0 [0x00ABB806+1357830]
	Ordinal0 [0x00A96086+1204358]
	Ordinal0 [0x00A96F96+1208214]
	GetHandleVerifier [0x00D8B232+1658114]
	GetHandleVerifier [0x00E4312C+2411516]
	GetHandleVerifier [0x00C7F261+560433]
	GetHandleVerifier [0x00C7E366+556598]
	Ordinal0 [0x00B8286B+2173035]
	Ordinal0 [0x00B875F8+2192888]
	Ordinal0 [0x00B876E5+2193125]
	Ordinal0 [0x00B911FC+2232828]
	BaseThreadInitThunk [0x7705FA29+25]
	RtlGetAppContainerNamedObjectPath [0x77A17A7E+286]
	RtlGetAppContainerNamedObjectPath [0x77A17A4E+238]
</msg>
<status status="FAIL" starttime="20220329 16:20:49.138" endtime="20220329 16:20:49.387"/>
</kw>
<status status="FAIL" starttime="20220329 16:20:49.138" endtime="20220329 16:20:49.388"/>
</kw>
<kw name="Quando clicar unidade e selecionar Grande sao paulo" library="resource">
<status status="NOT RUN" starttime="20220329 16:20:49.388" endtime="20220329 16:20:49.388"/>
</kw>
<kw name="E selecionar Unidade &quot;florencio-de-abreu&quot;" library="unidades" sourcename="E selecionar Unidade &quot;${unidade}&quot;">
<status status="NOT RUN" starttime="20220329 16:20:49.389" endtime="20220329 16:20:49.389"/>
</kw>
<kw name="Entao pagina da unidade devera ser exibida &quot;Florêncio de Abreu&quot;" library="unidades" sourcename="Entao pagina da unidade devera ser exibida &quot;${nome_da_unidade}&quot;">
<status status="NOT RUN" starttime="20220329 16:20:49.389" endtime="20220329 16:20:49.389"/>
</kw>
<status status="FAIL" starttime="20220329 16:20:47.641" endtime="20220329 16:20:49.389">ElementNotInteractableException: Message: element not interactable
  (Session info: chrome=99.0.4844.84)
Stacktrace:
Backtrace:
	Ordinal0 [0x00BE9943+2595139]
	Ordinal0 [0x00B7C9F1+2148849]
	Ordinal0 [0x00A743F0+1065968]
	Ordinal0 [0x00AA1F17+1253143]
	Ordinal0 [0x00A97AB3+1211059]
	Ordinal0 [0x00ABB9EC+1358316]
	Ordinal0 [0x00A97474+1209460]
	Ordinal0 [0x00ABBC04+1358852]
	Ordinal0 [0x00ACBAF2+1424114]
	Ordinal0 [0x00ABB806+1357830]
	Ordinal0 [0x00A96086+1204358]
	Ordinal0 [0x00A96F96+1208214]
	GetHandleVerifier [0x00D8B232+1658114]
	GetHandleVerifier [0x00E4312C+2411516]
	GetHandleVerifier [0x00C7F261+560433]
	GetHandleVerifier [0x00C7E366+556598]
	Ordinal0 [0x00B8286B+2173035]
	Ordinal0 [0x00B875F8+2192888]
	Ordinal0 [0x00B876E5+2193125]
	Ordinal0 [0x00B911FC+2232828]
	BaseThreadInitThunk [0x7705FA29+25]
	RtlGetAppContainerNamedObjectPath [0x77A17A7E+286]
	RtlGetAppContainerNamedObjectPath [0x77A17A4E+238]
</status>
</test>
<test id="s1-t12" name="Cenario 12: Selecionar unidade guarulhos">
<kw name="Dado que acesso a pagina do sesc" library="resource">
<kw name="Go To" library="SeleniumLibrary">
<arg>${HOME}</arg>
<doc>Navigates the current browser window to the provided ``url``.</doc>
<msg timestamp="20220329 16:20:49.393" level="INFO">Opening url 'https://www.sescsp.org.br/'</msg>
<status status="PASS" starttime="20220329 16:20:49.393" endtime="20220329 16:20:50.930"/>
</kw>
<status status="PASS" starttime="20220329 16:20:49.392" endtime="20220329 16:20:50.931"/>
</kw>
<kw name="E clicar na aba Menu" library="resource">
<kw name="Click Element" library="SeleniumLibrary">
<arg>${MENU}</arg>
<doc>Click the element identified by ``locator``.</doc>
<msg timestamp="20220329 16:20:50.931" level="INFO">Clicking element '//*[@class="navbar-toggler-icon"]'.</msg>
<msg timestamp="20220329 16:20:51.172" level="INFO" html="true">&lt;/td&gt;&lt;/tr&gt;&lt;tr&gt;&lt;td colspan="3"&gt;&lt;a href="selenium-screenshot-12.png"&gt;&lt;img src="selenium-screenshot-12.png" width="800px"&gt;&lt;/a&gt;</msg>
<msg timestamp="20220329 16:20:51.173" level="FAIL">ElementNotInteractableException: Message: element not interactable
  (Session info: chrome=99.0.4844.84)
Stacktrace:
Backtrace:
	Ordinal0 [0x00BE9943+2595139]
	Ordinal0 [0x00B7C9F1+2148849]
	Ordinal0 [0x00A743F0+1065968]
	Ordinal0 [0x00AA1F17+1253143]
	Ordinal0 [0x00A97AB3+1211059]
	Ordinal0 [0x00ABB9EC+1358316]
	Ordinal0 [0x00A97474+1209460]
	Ordinal0 [0x00ABBC04+1358852]
	Ordinal0 [0x00ACBAF2+1424114]
	Ordinal0 [0x00ABB806+1357830]
	Ordinal0 [0x00A96086+1204358]
	Ordinal0 [0x00A96F96+1208214]
	GetHandleVerifier [0x00D8B232+1658114]
	GetHandleVerifier [0x00E4312C+2411516]
	GetHandleVerifier [0x00C7F261+560433]
	GetHandleVerifier [0x00C7E366+556598]
	Ordinal0 [0x00B8286B+2173035]
	Ordinal0 [0x00B875F8+2192888]
	Ordinal0 [0x00B876E5+2193125]
	Ordinal0 [0x00B911FC+2232828]
	BaseThreadInitThunk [0x7705FA29+25]
	RtlGetAppContainerNamedObjectPath [0x77A17A7E+286]
	RtlGetAppContainerNamedObjectPath [0x77A17A4E+238]
</msg>
<status status="FAIL" starttime="20220329 16:20:50.931" endtime="20220329 16:20:51.173"/>
</kw>
<status status="FAIL" starttime="20220329 16:20:50.931" endtime="20220329 16:20:51.173"/>
</kw>
<kw name="Quando clicar unidade e selecionar Grande sao paulo" library="resource">
<status status="NOT RUN" starttime="20220329 16:20:51.174" endtime="20220329 16:20:51.174"/>
</kw>
<kw name="E selecionar Unidade &quot;guarulhos&quot;" library="unidades" sourcename="E selecionar Unidade &quot;${unidade}&quot;">
<status status="NOT RUN" starttime="20220329 16:20:51.174" endtime="20220329 16:20:51.174"/>
</kw>
<kw name="Entao pagina da unidade devera ser exibida &quot;Guarulhos&quot;" library="unidades" sourcename="Entao pagina da unidade devera ser exibida &quot;${nome_da_unidade}&quot;">
<status status="NOT RUN" starttime="20220329 16:20:51.174" endtime="20220329 16:20:51.174"/>
</kw>
<status status="FAIL" starttime="20220329 16:20:49.392" endtime="20220329 16:20:51.175">ElementNotInteractableException: Message: element not interactable
  (Session info: chrome=99.0.4844.84)
Stacktrace:
Backtrace:
	Ordinal0 [0x00BE9943+2595139]
	Ordinal0 [0x00B7C9F1+2148849]
	Ordinal0 [0x00A743F0+1065968]
	Ordinal0 [0x00AA1F17+1253143]
	Ordinal0 [0x00A97AB3+1211059]
	Ordinal0 [0x00ABB9EC+1358316]
	Ordinal0 [0x00A97474+1209460]
	Ordinal0 [0x00ABBC04+1358852]
	Ordinal0 [0x00ACBAF2+1424114]
	Ordinal0 [0x00ABB806+1357830]
	Ordinal0 [0x00A96086+1204358]
	Ordinal0 [0x00A96F96+1208214]
	GetHandleVerifier [0x00D8B232+1658114]
	GetHandleVerifier [0x00E4312C+2411516]
	GetHandleVerifier [0x00C7F261+560433]
	GetHandleVerifier [0x00C7E366+556598]
	Ordinal0 [0x00B8286B+2173035]
	Ordinal0 [0x00B875F8+2192888]
	Ordinal0 [0x00B876E5+2193125]
	Ordinal0 [0x00B911FC+2232828]
	BaseThreadInitThunk [0x7705FA29+25]
	RtlGetAppContainerNamedObjectPath [0x77A17A7E+286]
	RtlGetAppContainerNamedObjectPath [0x77A17A4E+238]
</status>
</test>
<test id="s1-t13" name="Cenario 13: Selecionar unidade interlagos">
<kw name="Dado que acesso a pagina do sesc" library="resource">
<kw name="Go To" library="SeleniumLibrary">
<arg>${HOME}</arg>
<doc>Navigates the current browser window to the provided ``url``.</doc>
<msg timestamp="20220329 16:20:51.178" level="INFO">Opening url 'https://www.sescsp.org.br/'</msg>
<status status="PASS" starttime="20220329 16:20:51.178" endtime="20220329 16:20:52.837"/>
</kw>
<status status="PASS" starttime="20220329 16:20:51.178" endtime="20220329 16:20:52.837"/>
</kw>
<kw name="E clicar na aba Menu" library="resource">
<kw name="Click Element" library="SeleniumLibrary">
<arg>${MENU}</arg>
<doc>Click the element identified by ``locator``.</doc>
<msg timestamp="20220329 16:20:52.838" level="INFO">Clicking element '//*[@class="navbar-toggler-icon"]'.</msg>
<msg timestamp="20220329 16:20:53.092" level="INFO" html="true">&lt;/td&gt;&lt;/tr&gt;&lt;tr&gt;&lt;td colspan="3"&gt;&lt;a href="selenium-screenshot-13.png"&gt;&lt;img src="selenium-screenshot-13.png" width="800px"&gt;&lt;/a&gt;</msg>
<msg timestamp="20220329 16:20:53.093" level="FAIL">ElementNotInteractableException: Message: element not interactable
  (Session info: chrome=99.0.4844.84)
Stacktrace:
Backtrace:
	Ordinal0 [0x00BE9943+2595139]
	Ordinal0 [0x00B7C9F1+2148849]
	Ordinal0 [0x00A743F0+1065968]
	Ordinal0 [0x00AA1F17+1253143]
	Ordinal0 [0x00A97AB3+1211059]
	Ordinal0 [0x00ABB9EC+1358316]
	Ordinal0 [0x00A97474+1209460]
	Ordinal0 [0x00ABBC04+1358852]
	Ordinal0 [0x00ACBAF2+1424114]
	Ordinal0 [0x00ABB806+1357830]
	Ordinal0 [0x00A96086+1204358]
	Ordinal0 [0x00A96F96+1208214]
	GetHandleVerifier [0x00D8B232+1658114]
	GetHandleVerifier [0x00E4312C+2411516]
	GetHandleVerifier [0x00C7F261+560433]
	GetHandleVerifier [0x00C7E366+556598]
	Ordinal0 [0x00B8286B+2173035]
	Ordinal0 [0x00B875F8+2192888]
	Ordinal0 [0x00B876E5+2193125]
	Ordinal0 [0x00B911FC+2232828]
	BaseThreadInitThunk [0x7705FA29+25]
	RtlGetAppContainerNamedObjectPath [0x77A17A7E+286]
	RtlGetAppContainerNamedObjectPath [0x77A17A4E+238]
</msg>
<status status="FAIL" starttime="20220329 16:20:52.838" endtime="20220329 16:20:53.093"/>
</kw>
<status status="FAIL" starttime="20220329 16:20:52.837" endtime="20220329 16:20:53.094"/>
</kw>
<kw name="Quando clicar unidade e selecionar Grande sao paulo" library="resource">
<status status="NOT RUN" starttime="20220329 16:20:53.094" endtime="20220329 16:20:53.094"/>
</kw>
<kw name="E selecionar Unidade &quot;interlagos&quot;" library="unidades" sourcename="E selecionar Unidade &quot;${unidade}&quot;">
<status status="NOT RUN" starttime="20220329 16:20:53.094" endtime="20220329 16:20:53.094"/>
</kw>
<kw name="Entao pagina da unidade devera ser exibida &quot;Interlagos&quot;" library="unidades" sourcename="Entao pagina da unidade devera ser exibida &quot;${nome_da_unidade}&quot;">
<status status="NOT RUN" starttime="20220329 16:20:53.094" endtime="20220329 16:20:53.094"/>
</kw>
<status status="FAIL" starttime="20220329 16:20:51.177" endtime="20220329 16:20:53.095">ElementNotInteractableException: Message: element not interactable
  (Session info: chrome=99.0.4844.84)
Stacktrace:
Backtrace:
	Ordinal0 [0x00BE9943+2595139]
	Ordinal0 [0x00B7C9F1+2148849]
	Ordinal0 [0x00A743F0+1065968]
	Ordinal0 [0x00AA1F17+1253143]
	Ordinal0 [0x00A97AB3+1211059]
	Ordinal0 [0x00ABB9EC+1358316]
	Ordinal0 [0x00A97474+1209460]
	Ordinal0 [0x00ABBC04+1358852]
	Ordinal0 [0x00ACBAF2+1424114]
	Ordinal0 [0x00ABB806+1357830]
	Ordinal0 [0x00A96086+1204358]
	Ordinal0 [0x00A96F96+1208214]
	GetHandleVerifier [0x00D8B232+1658114]
	GetHandleVerifier [0x00E4312C+2411516]
	GetHandleVerifier [0x00C7F261+560433]
	GetHandleVerifier [0x00C7E366+556598]
	Ordinal0 [0x00B8286B+2173035]
	Ordinal0 [0x00B875F8+2192888]
	Ordinal0 [0x00B876E5+2193125]
	Ordinal0 [0x00B911FC+2232828]
	BaseThreadInitThunk [0x7705FA29+25]
	RtlGetAppContainerNamedObjectPath [0x77A17A7E+286]
	RtlGetAppContainerNamedObjectPath [0x77A17A4E+238]
</status>
</test>
<test id="s1-t14" name="Cenario 14: Selecionar unidade ipiranga">
<kw name="Dado que acesso a pagina do sesc" library="resource">
<kw name="Go To" library="SeleniumLibrary">
<arg>${HOME}</arg>
<doc>Navigates the current browser window to the provided ``url``.</doc>
<msg timestamp="20220329 16:20:53.098" level="INFO">Opening url 'https://www.sescsp.org.br/'</msg>
<status status="PASS" starttime="20220329 16:20:53.098" endtime="20220329 16:20:54.292"/>
</kw>
<status status="PASS" starttime="20220329 16:20:53.098" endtime="20220329 16:20:54.292"/>
</kw>
<kw name="E clicar na aba Menu" library="resource">
<kw name="Click Element" library="SeleniumLibrary">
<arg>${MENU}</arg>
<doc>Click the element identified by ``locator``.</doc>
<msg timestamp="20220329 16:20:54.293" level="INFO">Clicking element '//*[@class="navbar-toggler-icon"]'.</msg>
<msg timestamp="20220329 16:20:54.542" level="INFO" html="true">&lt;/td&gt;&lt;/tr&gt;&lt;tr&gt;&lt;td colspan="3"&gt;&lt;a href="selenium-screenshot-14.png"&gt;&lt;img src="selenium-screenshot-14.png" width="800px"&gt;&lt;/a&gt;</msg>
<msg timestamp="20220329 16:20:54.543" level="FAIL">ElementNotInteractableException: Message: element not interactable
  (Session info: chrome=99.0.4844.84)
Stacktrace:
Backtrace:
	Ordinal0 [0x00BE9943+2595139]
	Ordinal0 [0x00B7C9F1+2148849]
	Ordinal0 [0x00A743F0+1065968]
	Ordinal0 [0x00AA1F17+1253143]
	Ordinal0 [0x00A97AB3+1211059]
	Ordinal0 [0x00ABB9EC+1358316]
	Ordinal0 [0x00A97474+1209460]
	Ordinal0 [0x00ABBC04+1358852]
	Ordinal0 [0x00ACBAF2+1424114]
	Ordinal0 [0x00ABB806+1357830]
	Ordinal0 [0x00A96086+1204358]
	Ordinal0 [0x00A96F96+1208214]
	GetHandleVerifier [0x00D8B232+1658114]
	GetHandleVerifier [0x00E4312C+2411516]
	GetHandleVerifier [0x00C7F261+560433]
	GetHandleVerifier [0x00C7E366+556598]
	Ordinal0 [0x00B8286B+2173035]
	Ordinal0 [0x00B875F8+2192888]
	Ordinal0 [0x00B876E5+2193125]
	Ordinal0 [0x00B911FC+2232828]
	BaseThreadInitThunk [0x7705FA29+25]
	RtlGetAppContainerNamedObjectPath [0x77A17A7E+286]
	RtlGetAppContainerNamedObjectPath [0x77A17A4E+238]
</msg>
<status status="FAIL" starttime="20220329 16:20:54.293" endtime="20220329 16:20:54.543"/>
</kw>
<status status="FAIL" starttime="20220329 16:20:54.292" endtime="20220329 16:20:54.544"/>
</kw>
<kw name="Quando clicar unidade e selecionar Grande sao paulo" library="resource">
<status status="NOT RUN" starttime="20220329 16:20:54.544" endtime="20220329 16:20:54.544"/>
</kw>
<kw name="E selecionar Unidade &quot;ipiranga&quot;" library="unidades" sourcename="E selecionar Unidade &quot;${unidade}&quot;">
<status status="NOT RUN" starttime="20220329 16:20:54.545" endtime="20220329 16:20:54.545"/>
</kw>
<kw name="Entao pagina da unidade devera ser exibida &quot;Ipiranga&quot;" library="unidades" sourcename="Entao pagina da unidade devera ser exibida &quot;${nome_da_unidade}&quot;">
<status status="NOT RUN" starttime="20220329 16:20:54.545" endtime="20220329 16:20:54.545"/>
</kw>
<status status="FAIL" starttime="20220329 16:20:53.097" endtime="20220329 16:20:54.545">ElementNotInteractableException: Message: element not interactable
  (Session info: chrome=99.0.4844.84)
Stacktrace:
Backtrace:
	Ordinal0 [0x00BE9943+2595139]
	Ordinal0 [0x00B7C9F1+2148849]
	Ordinal0 [0x00A743F0+1065968]
	Ordinal0 [0x00AA1F17+1253143]
	Ordinal0 [0x00A97AB3+1211059]
	Ordinal0 [0x00ABB9EC+1358316]
	Ordinal0 [0x00A97474+1209460]
	Ordinal0 [0x00ABBC04+1358852]
	Ordinal0 [0x00ACBAF2+1424114]
	Ordinal0 [0x00ABB806+1357830]
	Ordinal0 [0x00A96086+1204358]
	Ordinal0 [0x00A96F96+1208214]
	GetHandleVerifier [0x00D8B232+1658114]
	GetHandleVerifier [0x00E4312C+2411516]
	GetHandleVerifier [0x00C7F261+560433]
	GetHandleVerifier [0x00C7E366+556598]
	Ordinal0 [0x00B8286B+2173035]
	Ordinal0 [0x00B875F8+2192888]
	Ordinal0 [0x00B876E5+2193125]
	Ordinal0 [0x00B911FC+2232828]
	BaseThreadInitThunk [0x7705FA29+25]
	RtlGetAppContainerNamedObjectPath [0x77A17A7E+286]
	RtlGetAppContainerNamedObjectPath [0x77A17A4E+238]
</status>
</test>
<test id="s1-t15" name="Cenario 15: Selecionar unidade itaquera">
<kw name="Dado que acesso a pagina do sesc" library="resource">
<kw name="Go To" library="SeleniumLibrary">
<arg>${HOME}</arg>
<doc>Navigates the current browser window to the provided ``url``.</doc>
<msg timestamp="20220329 16:20:54.549" level="INFO">Opening url 'https://www.sescsp.org.br/'</msg>
<status status="PASS" starttime="20220329 16:20:54.549" endtime="20220329 16:20:56.096"/>
</kw>
<status status="PASS" starttime="20220329 16:20:54.548" endtime="20220329 16:20:56.097"/>
</kw>
<kw name="E clicar na aba Menu" library="resource">
<kw name="Click Element" library="SeleniumLibrary">
<arg>${MENU}</arg>
<doc>Click the element identified by ``locator``.</doc>
<msg timestamp="20220329 16:20:56.098" level="INFO">Clicking element '//*[@class="navbar-toggler-icon"]'.</msg>
<msg timestamp="20220329 16:20:56.347" level="INFO" html="true">&lt;/td&gt;&lt;/tr&gt;&lt;tr&gt;&lt;td colspan="3"&gt;&lt;a href="selenium-screenshot-15.png"&gt;&lt;img src="selenium-screenshot-15.png" width="800px"&gt;&lt;/a&gt;</msg>
<msg timestamp="20220329 16:20:56.348" level="FAIL">ElementNotInteractableException: Message: element not interactable
  (Session info: chrome=99.0.4844.84)
Stacktrace:
Backtrace:
	Ordinal0 [0x00BE9943+2595139]
	Ordinal0 [0x00B7C9F1+2148849]
	Ordinal0 [0x00A743F0+1065968]
	Ordinal0 [0x00AA1F17+1253143]
	Ordinal0 [0x00A97AB3+1211059]
	Ordinal0 [0x00ABB9EC+1358316]
	Ordinal0 [0x00A97474+1209460]
	Ordinal0 [0x00ABBC04+1358852]
	Ordinal0 [0x00ACBAF2+1424114]
	Ordinal0 [0x00ABB806+1357830]
	Ordinal0 [0x00A96086+1204358]
	Ordinal0 [0x00A96F96+1208214]
	GetHandleVerifier [0x00D8B232+1658114]
	GetHandleVerifier [0x00E4312C+2411516]
	GetHandleVerifier [0x00C7F261+560433]
	GetHandleVerifier [0x00C7E366+556598]
	Ordinal0 [0x00B8286B+2173035]
	Ordinal0 [0x00B875F8+2192888]
	Ordinal0 [0x00B876E5+2193125]
	Ordinal0 [0x00B911FC+2232828]
	BaseThreadInitThunk [0x7705FA29+25]
	RtlGetAppContainerNamedObjectPath [0x77A17A7E+286]
	RtlGetAppContainerNamedObjectPath [0x77A17A4E+238]
</msg>
<status status="FAIL" starttime="20220329 16:20:56.097" endtime="20220329 16:20:56.348"/>
</kw>
<status status="FAIL" starttime="20220329 16:20:56.097" endtime="20220329 16:20:56.349"/>
</kw>
<kw name="Quando clicar unidade e selecionar Grande sao paulo" library="resource">
<status status="NOT RUN" starttime="20220329 16:20:56.349" endtime="20220329 16:20:56.350"/>
</kw>
<kw name="E selecionar Unidade &quot;itaquera&quot;" library="unidades" sourcename="E selecionar Unidade &quot;${unidade}&quot;">
<status status="NOT RUN" starttime="20220329 16:20:56.350" endtime="20220329 16:20:56.350"/>
</kw>
<kw name="Entao pagina da unidade devera ser exibida &quot;Itaquera&quot;" library="unidades" sourcename="Entao pagina da unidade devera ser exibida &quot;${nome_da_unidade}&quot;">
<status status="NOT RUN" starttime="20220329 16:20:56.350" endtime="20220329 16:20:56.350"/>
</kw>
<status status="FAIL" starttime="20220329 16:20:54.548" endtime="20220329 16:20:56.350">ElementNotInteractableException: Message: element not interactable
  (Session info: chrome=99.0.4844.84)
Stacktrace:
Backtrace:
	Ordinal0 [0x00BE9943+2595139]
	Ordinal0 [0x00B7C9F1+2148849]
	Ordinal0 [0x00A743F0+1065968]
	Ordinal0 [0x00AA1F17+1253143]
	Ordinal0 [0x00A97AB3+1211059]
	Ordinal0 [0x00ABB9EC+1358316]
	Ordinal0 [0x00A97474+1209460]
	Ordinal0 [0x00ABBC04+1358852]
	Ordinal0 [0x00ACBAF2+1424114]
	Ordinal0 [0x00ABB806+1357830]
	Ordinal0 [0x00A96086+1204358]
	Ordinal0 [0x00A96F96+1208214]
	GetHandleVerifier [0x00D8B232+1658114]
	GetHandleVerifier [0x00E4312C+2411516]
	GetHandleVerifier [0x00C7F261+560433]
	GetHandleVerifier [0x00C7E366+556598]
	Ordinal0 [0x00B8286B+2173035]
	Ordinal0 [0x00B875F8+2192888]
	Ordinal0 [0x00B876E5+2193125]
	Ordinal0 [0x00B911FC+2232828]
	BaseThreadInitThunk [0x7705FA29+25]
	RtlGetAppContainerNamedObjectPath [0x77A17A7E+286]
	RtlGetAppContainerNamedObjectPath [0x77A17A4E+238]
</status>
</test>
<test id="s1-t16" name="Cenario 16: Selecionar unidade mogi-das-cruzes">
<kw name="Dado que acesso a pagina do sesc" library="resource">
<kw name="Go To" library="SeleniumLibrary">
<arg>${HOME}</arg>
<doc>Navigates the current browser window to the provided ``url``.</doc>
<msg timestamp="20220329 16:20:56.354" level="INFO">Opening url 'https://www.sescsp.org.br/'</msg>
<status status="PASS" starttime="20220329 16:20:56.354" endtime="20220329 16:20:57.576"/>
</kw>
<status status="PASS" starttime="20220329 16:20:56.353" endtime="20220329 16:20:57.576"/>
</kw>
<kw name="E clicar na aba Menu" library="resource">
<kw name="Click Element" library="SeleniumLibrary">
<arg>${MENU}</arg>
<doc>Click the element identified by ``locator``.</doc>
<msg timestamp="20220329 16:20:57.577" level="INFO">Clicking element '//*[@class="navbar-toggler-icon"]'.</msg>
<msg timestamp="20220329 16:20:57.831" level="INFO" html="true">&lt;/td&gt;&lt;/tr&gt;&lt;tr&gt;&lt;td colspan="3"&gt;&lt;a href="selenium-screenshot-16.png"&gt;&lt;img src="selenium-screenshot-16.png" width="800px"&gt;&lt;/a&gt;</msg>
<msg timestamp="20220329 16:20:57.833" level="FAIL">ElementNotInteractableException: Message: element not interactable
  (Session info: chrome=99.0.4844.84)
Stacktrace:
Backtrace:
	Ordinal0 [0x00BE9943+2595139]
	Ordinal0 [0x00B7C9F1+2148849]
	Ordinal0 [0x00A743F0+1065968]
	Ordinal0 [0x00AA1F17+1253143]
	Ordinal0 [0x00A97AB3+1211059]
	Ordinal0 [0x00ABB9EC+1358316]
	Ordinal0 [0x00A97474+1209460]
	Ordinal0 [0x00ABBC04+1358852]
	Ordinal0 [0x00ACBAF2+1424114]
	Ordinal0 [0x00ABB806+1357830]
	Ordinal0 [0x00A96086+1204358]
	Ordinal0 [0x00A96F96+1208214]
	GetHandleVerifier [0x00D8B232+1658114]
	GetHandleVerifier [0x00E4312C+2411516]
	GetHandleVerifier [0x00C7F261+560433]
	GetHandleVerifier [0x00C7E366+556598]
	Ordinal0 [0x00B8286B+2173035]
	Ordinal0 [0x00B875F8+2192888]
	Ordinal0 [0x00B876E5+2193125]
	Ordinal0 [0x00B911FC+2232828]
	BaseThreadInitThunk [0x7705FA29+25]
	RtlGetAppContainerNamedObjectPath [0x77A17A7E+286]
	RtlGetAppContainerNamedObjectPath [0x77A17A4E+238]
</msg>
<status status="FAIL" starttime="20220329 16:20:57.577" endtime="20220329 16:20:57.833"/>
</kw>
<status status="FAIL" starttime="20220329 16:20:57.576" endtime="20220329 16:20:57.834"/>
</kw>
<kw name="Quando clicar unidade e selecionar Grande sao paulo" library="resource">
<status status="NOT RUN" starttime="20220329 16:20:57.834" endtime="20220329 16:20:57.834"/>
</kw>
<kw name="E selecionar Unidade &quot;mogi-das-cruzes&quot;" library="unidades" sourcename="E selecionar Unidade &quot;${unidade}&quot;">
<status status="NOT RUN" starttime="20220329 16:20:57.834" endtime="20220329 16:20:57.834"/>
</kw>
<kw name="Entao pagina da unidade devera ser exibida &quot;Mogi das Cruzes&quot;" library="unidades" sourcename="Entao pagina da unidade devera ser exibida &quot;${nome_da_unidade}&quot;">
<status status="NOT RUN" starttime="20220329 16:20:57.834" endtime="20220329 16:20:57.834"/>
</kw>
<status status="FAIL" starttime="20220329 16:20:56.353" endtime="20220329 16:20:57.835">ElementNotInteractableException: Message: element not interactable
  (Session info: chrome=99.0.4844.84)
Stacktrace:
Backtrace:
	Ordinal0 [0x00BE9943+2595139]
	Ordinal0 [0x00B7C9F1+2148849]
	Ordinal0 [0x00A743F0+1065968]
	Ordinal0 [0x00AA1F17+1253143]
	Ordinal0 [0x00A97AB3+1211059]
	Ordinal0 [0x00ABB9EC+1358316]
	Ordinal0 [0x00A97474+1209460]
	Ordinal0 [0x00ABBC04+1358852]
	Ordinal0 [0x00ACBAF2+1424114]
	Ordinal0 [0x00ABB806+1357830]
	Ordinal0 [0x00A96086+1204358]
	Ordinal0 [0x00A96F96+1208214]
	GetHandleVerifier [0x00D8B232+1658114]
	GetHandleVerifier [0x00E4312C+2411516]
	GetHandleVerifier [0x00C7F261+560433]
	GetHandleVerifier [0x00C7E366+556598]
	Ordinal0 [0x00B8286B+2173035]
	Ordinal0 [0x00B875F8+2192888]
	Ordinal0 [0x00B876E5+2193125]
	Ordinal0 [0x00B911FC+2232828]
	BaseThreadInitThunk [0x7705FA29+25]
	RtlGetAppContainerNamedObjectPath [0x77A17A7E+286]
	RtlGetAppContainerNamedObjectPath [0x77A17A4E+238]
</status>
</test>
<test id="s1-t17" name="Cenario 17: Selecionar unidade araraquara">
<kw name="Dado que acesso a pagina do sesc" library="resource">
<kw name="Go To" library="SeleniumLibrary">
<arg>${HOME}</arg>
<doc>Navigates the current browser window to the provided ``url``.</doc>
<msg timestamp="20220329 16:20:57.838" level="INFO">Opening url 'https://www.sescsp.org.br/'</msg>
<status status="PASS" starttime="20220329 16:20:57.838" endtime="20220329 16:20:59.060"/>
</kw>
<status status="PASS" starttime="20220329 16:20:57.838" endtime="20220329 16:20:59.060"/>
</kw>
<kw name="E clicar na aba Menu" library="resource">
<kw name="Click Element" library="SeleniumLibrary">
<arg>${MENU}</arg>
<doc>Click the element identified by ``locator``.</doc>
<msg timestamp="20220329 16:20:59.061" level="INFO">Clicking element '//*[@class="navbar-toggler-icon"]'.</msg>
<msg timestamp="20220329 16:20:59.317" level="INFO" html="true">&lt;/td&gt;&lt;/tr&gt;&lt;tr&gt;&lt;td colspan="3"&gt;&lt;a href="selenium-screenshot-17.png"&gt;&lt;img src="selenium-screenshot-17.png" width="800px"&gt;&lt;/a&gt;</msg>
<msg timestamp="20220329 16:20:59.318" level="FAIL">ElementNotInteractableException: Message: element not interactable
  (Session info: chrome=99.0.4844.84)
Stacktrace:
Backtrace:
	Ordinal0 [0x00BE9943+2595139]
	Ordinal0 [0x00B7C9F1+2148849]
	Ordinal0 [0x00A743F0+1065968]
	Ordinal0 [0x00AA1F17+1253143]
	Ordinal0 [0x00A97AB3+1211059]
	Ordinal0 [0x00ABB9EC+1358316]
	Ordinal0 [0x00A97474+1209460]
	Ordinal0 [0x00ABBC04+1358852]
	Ordinal0 [0x00ACBAF2+1424114]
	Ordinal0 [0x00ABB806+1357830]
	Ordinal0 [0x00A96086+1204358]
	Ordinal0 [0x00A96F96+1208214]
	GetHandleVerifier [0x00D8B232+1658114]
	GetHandleVerifier [0x00E4312C+2411516]
	GetHandleVerifier [0x00C7F261+560433]
	GetHandleVerifier [0x00C7E366+556598]
	Ordinal0 [0x00B8286B+2173035]
	Ordinal0 [0x00B875F8+2192888]
	Ordinal0 [0x00B876E5+2193125]
	Ordinal0 [0x00B911FC+2232828]
	BaseThreadInitThunk [0x7705FA29+25]
	RtlGetAppContainerNamedObjectPath [0x77A17A7E+286]
	RtlGetAppContainerNamedObjectPath [0x77A17A4E+238]
</msg>
<status status="FAIL" starttime="20220329 16:20:59.060" endtime="20220329 16:20:59.318"/>
</kw>
<status status="FAIL" starttime="20220329 16:20:59.060" endtime="20220329 16:20:59.319"/>
</kw>
<kw name="Quando clicar unidade e selecionar Interior e Litoral" library="unidades">
<status status="NOT RUN" starttime="20220329 16:20:59.319" endtime="20220329 16:20:59.319"/>
</kw>
<kw name="E selecionar Unidade &quot;araraquara&quot;" library="unidades" sourcename="E selecionar Unidade &quot;${unidade}&quot;">
<status status="NOT RUN" starttime="20220329 16:20:59.319" endtime="20220329 16:20:59.319"/>
</kw>
<kw name="Entao pagina da unidade devera ser exibida &quot;Araraquara&quot;" library="unidades" sourcename="Entao pagina da unidade devera ser exibida &quot;${nome_da_unidade}&quot;">
<status status="NOT RUN" starttime="20220329 16:20:59.320" endtime="20220329 16:20:59.320"/>
</kw>
<status status="FAIL" starttime="20220329 16:20:57.837" endtime="20220329 16:20:59.320">ElementNotInteractableException: Message: element not interactable
  (Session info: chrome=99.0.4844.84)
Stacktrace:
Backtrace:
	Ordinal0 [0x00BE9943+2595139]
	Ordinal0 [0x00B7C9F1+2148849]
	Ordinal0 [0x00A743F0+1065968]
	Ordinal0 [0x00AA1F17+1253143]
	Ordinal0 [0x00A97AB3+1211059]
	Ordinal0 [0x00ABB9EC+1358316]
	Ordinal0 [0x00A97474+1209460]
	Ordinal0 [0x00ABBC04+1358852]
	Ordinal0 [0x00ACBAF2+1424114]
	Ordinal0 [0x00ABB806+1357830]
	Ordinal0 [0x00A96086+1204358]
	Ordinal0 [0x00A96F96+1208214]
	GetHandleVerifier [0x00D8B232+1658114]
	GetHandleVerifier [0x00E4312C+2411516]
	GetHandleVerifier [0x00C7F261+560433]
	GetHandleVerifier [0x00C7E366+556598]
	Ordinal0 [0x00B8286B+2173035]
	Ordinal0 [0x00B875F8+2192888]
	Ordinal0 [0x00B876E5+2193125]
	Ordinal0 [0x00B911FC+2232828]
	BaseThreadInitThunk [0x7705FA29+25]
	RtlGetAppContainerNamedObjectPath [0x77A17A7E+286]
	RtlGetAppContainerNamedObjectPath [0x77A17A4E+238]
</status>
</test>
<test id="s1-t18" name="Cenario 18: Selecionar unidade bauru">
<kw name="Dado que acesso a pagina do sesc" library="resource">
<kw name="Go To" library="SeleniumLibrary">
<arg>${HOME}</arg>
<doc>Navigates the current browser window to the provided ``url``.</doc>
<msg timestamp="20220329 16:20:59.324" level="INFO">Opening url 'https://www.sescsp.org.br/'</msg>
<status status="PASS" starttime="20220329 16:20:59.323" endtime="20220329 16:21:00.667"/>
</kw>
<status status="PASS" starttime="20220329 16:20:59.323" endtime="20220329 16:21:00.667"/>
</kw>
<kw name="E clicar na aba Menu" library="resource">
<kw name="Click Element" library="SeleniumLibrary">
<arg>${MENU}</arg>
<doc>Click the element identified by ``locator``.</doc>
<msg timestamp="20220329 16:21:00.668" level="INFO">Clicking element '//*[@class="navbar-toggler-icon"]'.</msg>
<msg timestamp="20220329 16:21:00.930" level="INFO" html="true">&lt;/td&gt;&lt;/tr&gt;&lt;tr&gt;&lt;td colspan="3"&gt;&lt;a href="selenium-screenshot-18.png"&gt;&lt;img src="selenium-screenshot-18.png" width="800px"&gt;&lt;/a&gt;</msg>
<msg timestamp="20220329 16:21:00.931" level="FAIL">ElementNotInteractableException: Message: element not interactable
  (Session info: chrome=99.0.4844.84)
Stacktrace:
Backtrace:
	Ordinal0 [0x00BE9943+2595139]
	Ordinal0 [0x00B7C9F1+2148849]
	Ordinal0 [0x00A743F0+1065968]
	Ordinal0 [0x00AA1F17+1253143]
	Ordinal0 [0x00A97AB3+1211059]
	Ordinal0 [0x00ABB9EC+1358316]
	Ordinal0 [0x00A97474+1209460]
	Ordinal0 [0x00ABBC04+1358852]
	Ordinal0 [0x00ACBAF2+1424114]
	Ordinal0 [0x00ABB806+1357830]
	Ordinal0 [0x00A96086+1204358]
	Ordinal0 [0x00A96F96+1208214]
	GetHandleVerifier [0x00D8B232+1658114]
	GetHandleVerifier [0x00E4312C+2411516]
	GetHandleVerifier [0x00C7F261+560433]
	GetHandleVerifier [0x00C7E366+556598]
	Ordinal0 [0x00B8286B+2173035]
	Ordinal0 [0x00B875F8+2192888]
	Ordinal0 [0x00B876E5+2193125]
	Ordinal0 [0x00B911FC+2232828]
	BaseThreadInitThunk [0x7705FA29+25]
	RtlGetAppContainerNamedObjectPath [0x77A17A7E+286]
	RtlGetAppContainerNamedObjectPath [0x77A17A4E+238]
</msg>
<status status="FAIL" starttime="20220329 16:21:00.668" endtime="20220329 16:21:00.931"/>
</kw>
<status status="FAIL" starttime="20220329 16:21:00.667" endtime="20220329 16:21:00.932"/>
</kw>
<kw name="Quando clicar unidade e selecionar Interior e Litoral" library="unidades">
<status status="NOT RUN" starttime="20220329 16:21:00.932" endtime="20220329 16:21:00.932"/>
</kw>
<kw name="E selecionar Unidade &quot;bauru&quot;" library="unidades" sourcename="E selecionar Unidade &quot;${unidade}&quot;">
<status status="NOT RUN" starttime="20220329 16:21:00.932" endtime="20220329 16:21:00.932"/>
</kw>
<kw name="Entao pagina da unidade devera ser exibida &quot;Bauru&quot;" library="unidades" sourcename="Entao pagina da unidade devera ser exibida &quot;${nome_da_unidade}&quot;">
<status status="NOT RUN" starttime="20220329 16:21:00.933" endtime="20220329 16:21:00.933"/>
</kw>
<status status="FAIL" starttime="20220329 16:20:59.323" endtime="20220329 16:21:00.933">ElementNotInteractableException: Message: element not interactable
  (Session info: chrome=99.0.4844.84)
Stacktrace:
Backtrace:
	Ordinal0 [0x00BE9943+2595139]
	Ordinal0 [0x00B7C9F1+2148849]
	Ordinal0 [0x00A743F0+1065968]
	Ordinal0 [0x00AA1F17+1253143]
	Ordinal0 [0x00A97AB3+1211059]
	Ordinal0 [0x00ABB9EC+1358316]
	Ordinal0 [0x00A97474+1209460]
	Ordinal0 [0x00ABBC04+1358852]
	Ordinal0 [0x00ACBAF2+1424114]
	Ordinal0 [0x00ABB806+1357830]
	Ordinal0 [0x00A96086+1204358]
	Ordinal0 [0x00A96F96+1208214]
	GetHandleVerifier [0x00D8B232+1658114]
	GetHandleVerifier [0x00E4312C+2411516]
	GetHandleVerifier [0x00C7F261+560433]
	GetHandleVerifier [0x00C7E366+556598]
	Ordinal0 [0x00B8286B+2173035]
	Ordinal0 [0x00B875F8+2192888]
	Ordinal0 [0x00B876E5+2193125]
	Ordinal0 [0x00B911FC+2232828]
	BaseThreadInitThunk [0x7705FA29+25]
	RtlGetAppContainerNamedObjectPath [0x77A17A7E+286]
	RtlGetAppContainerNamedObjectPath [0x77A17A4E+238]
</status>
</test>
<test id="s1-t19" name="Cenario 19: Selecionar unidade bertioga">
<kw name="Dado que acesso a pagina do sesc" library="resource">
<kw name="Go To" library="SeleniumLibrary">
<arg>${HOME}</arg>
<doc>Navigates the current browser window to the provided ``url``.</doc>
<msg timestamp="20220329 16:21:00.936" level="INFO">Opening url 'https://www.sescsp.org.br/'</msg>
<status status="PASS" starttime="20220329 16:21:00.936" endtime="20220329 16:21:02.224"/>
</kw>
<status status="PASS" starttime="20220329 16:21:00.936" endtime="20220329 16:21:02.224"/>
</kw>
<kw name="E clicar na aba Menu" library="resource">
<kw name="Click Element" library="SeleniumLibrary">
<arg>${MENU}</arg>
<doc>Click the element identified by ``locator``.</doc>
<msg timestamp="20220329 16:21:02.225" level="INFO">Clicking element '//*[@class="navbar-toggler-icon"]'.</msg>
<msg timestamp="20220329 16:21:02.483" level="INFO" html="true">&lt;/td&gt;&lt;/tr&gt;&lt;tr&gt;&lt;td colspan="3"&gt;&lt;a href="selenium-screenshot-19.png"&gt;&lt;img src="selenium-screenshot-19.png" width="800px"&gt;&lt;/a&gt;</msg>
<msg timestamp="20220329 16:21:02.485" level="FAIL">ElementNotInteractableException: Message: element not interactable
  (Session info: chrome=99.0.4844.84)
Stacktrace:
Backtrace:
	Ordinal0 [0x00BE9943+2595139]
	Ordinal0 [0x00B7C9F1+2148849]
	Ordinal0 [0x00A743F0+1065968]
	Ordinal0 [0x00AA1F17+1253143]
	Ordinal0 [0x00A97AB3+1211059]
	Ordinal0 [0x00ABB9EC+1358316]
	Ordinal0 [0x00A97474+1209460]
	Ordinal0 [0x00ABBC04+1358852]
	Ordinal0 [0x00ACBAF2+1424114]
	Ordinal0 [0x00ABB806+1357830]
	Ordinal0 [0x00A96086+1204358]
	Ordinal0 [0x00A96F96+1208214]
	GetHandleVerifier [0x00D8B232+1658114]
	GetHandleVerifier [0x00E4312C+2411516]
	GetHandleVerifier [0x00C7F261+560433]
	GetHandleVerifier [0x00C7E366+556598]
	Ordinal0 [0x00B8286B+2173035]
	Ordinal0 [0x00B875F8+2192888]
	Ordinal0 [0x00B876E5+2193125]
	Ordinal0 [0x00B911FC+2232828]
	BaseThreadInitThunk [0x7705FA29+25]
	RtlGetAppContainerNamedObjectPath [0x77A17A7E+286]
	RtlGetAppContainerNamedObjectPath [0x77A17A4E+238]
</msg>
<status status="FAIL" starttime="20220329 16:21:02.225" endtime="20220329 16:21:02.485"/>
</kw>
<status status="FAIL" starttime="20220329 16:21:02.225" endtime="20220329 16:21:02.485"/>
</kw>
<kw name="Quando clicar unidade e selecionar Interior e Litoral" library="unidades">
<status status="NOT RUN" starttime="20220329 16:21:02.486" endtime="20220329 16:21:02.486"/>
</kw>
<kw name="E selecionar Unidade &quot;bertioga&quot;" library="unidades" sourcename="E selecionar Unidade &quot;${unidade}&quot;">
<status status="NOT RUN" starttime="20220329 16:21:02.486" endtime="20220329 16:21:02.486"/>
</kw>
<kw name="Entao pagina da unidade devera ser exibida &quot;Bertioga&quot;" library="unidades" sourcename="Entao pagina da unidade devera ser exibida &quot;${nome_da_unidade}&quot;">
<status status="NOT RUN" starttime="20220329 16:21:02.486" endtime="20220329 16:21:02.486"/>
</kw>
<status status="FAIL" starttime="20220329 16:21:00.935" endtime="20220329 16:21:02.487">ElementNotInteractableException: Message: element not interactable
  (Session info: chrome=99.0.4844.84)
Stacktrace:
Backtrace:
	Ordinal0 [0x00BE9943+2595139]
	Ordinal0 [0x00B7C9F1+2148849]
	Ordinal0 [0x00A743F0+1065968]
	Ordinal0 [0x00AA1F17+1253143]
	Ordinal0 [0x00A97AB3+1211059]
	Ordinal0 [0x00ABB9EC+1358316]
	Ordinal0 [0x00A97474+1209460]
	Ordinal0 [0x00ABBC04+1358852]
	Ordinal0 [0x00ACBAF2+1424114]
	Ordinal0 [0x00ABB806+1357830]
	Ordinal0 [0x00A96086+1204358]
	Ordinal0 [0x00A96F96+1208214]
	GetHandleVerifier [0x00D8B232+1658114]
	GetHandleVerifier [0x00E4312C+2411516]
	GetHandleVerifier [0x00C7F261+560433]
	GetHandleVerifier [0x00C7E366+556598]
	Ordinal0 [0x00B8286B+2173035]
	Ordinal0 [0x00B875F8+2192888]
	Ordinal0 [0x00B876E5+2193125]
	Ordinal0 [0x00B911FC+2232828]
	BaseThreadInitThunk [0x7705FA29+25]
	RtlGetAppContainerNamedObjectPath [0x77A17A7E+286]
	RtlGetAppContainerNamedObjectPath [0x77A17A4E+238]
</status>
</test>
<test id="s1-t20" name="Cenario 20: Selecionar unidade birigui">
<kw name="Dado que acesso a pagina do sesc" library="resource">
<kw name="Go To" library="SeleniumLibrary">
<arg>${HOME}</arg>
<doc>Navigates the current browser window to the provided ``url``.</doc>
<msg timestamp="20220329 16:21:02.490" level="INFO">Opening url 'https://www.sescsp.org.br/'</msg>
<status status="PASS" starttime="20220329 16:21:02.490" endtime="20220329 16:21:03.867"/>
</kw>
<status status="PASS" starttime="20220329 16:21:02.489" endtime="20220329 16:21:03.867"/>
</kw>
<kw name="E clicar na aba Menu" library="resource">
<kw name="Click Element" library="SeleniumLibrary">
<arg>${MENU}</arg>
<doc>Click the element identified by ``locator``.</doc>
<msg timestamp="20220329 16:21:03.868" level="INFO">Clicking element '//*[@class="navbar-toggler-icon"]'.</msg>
<msg timestamp="20220329 16:21:04.139" level="INFO" html="true">&lt;/td&gt;&lt;/tr&gt;&lt;tr&gt;&lt;td colspan="3"&gt;&lt;a href="selenium-screenshot-20.png"&gt;&lt;img src="selenium-screenshot-20.png" width="800px"&gt;&lt;/a&gt;</msg>
<msg timestamp="20220329 16:21:04.141" level="FAIL">ElementNotInteractableException: Message: element not interactable
  (Session info: chrome=99.0.4844.84)
Stacktrace:
Backtrace:
	Ordinal0 [0x00BE9943+2595139]
	Ordinal0 [0x00B7C9F1+2148849]
	Ordinal0 [0x00A743F0+1065968]
	Ordinal0 [0x00AA1F17+1253143]
	Ordinal0 [0x00A97AB3+1211059]
	Ordinal0 [0x00ABB9EC+1358316]
	Ordinal0 [0x00A97474+1209460]
	Ordinal0 [0x00ABBC04+1358852]
	Ordinal0 [0x00ACBAF2+1424114]
	Ordinal0 [0x00ABB806+1357830]
	Ordinal0 [0x00A96086+1204358]
	Ordinal0 [0x00A96F96+1208214]
	GetHandleVerifier [0x00D8B232+1658114]
	GetHandleVerifier [0x00E4312C+2411516]
	GetHandleVerifier [0x00C7F261+560433]
	GetHandleVerifier [0x00C7E366+556598]
	Ordinal0 [0x00B8286B+2173035]
	Ordinal0 [0x00B875F8+2192888]
	Ordinal0 [0x00B876E5+2193125]
	Ordinal0 [0x00B911FC+2232828]
	BaseThreadInitThunk [0x7705FA29+25]
	RtlGetAppContainerNamedObjectPath [0x77A17A7E+286]
	RtlGetAppContainerNamedObjectPath [0x77A17A4E+238]
</msg>
<status status="FAIL" starttime="20220329 16:21:03.868" endtime="20220329 16:21:04.141"/>
</kw>
<status status="FAIL" starttime="20220329 16:21:03.867" endtime="20220329 16:21:04.141"/>
</kw>
<kw name="Quando clicar unidade e selecionar Interior e Litoral" library="unidades">
<status status="NOT RUN" starttime="20220329 16:21:04.142" endtime="20220329 16:21:04.142"/>
</kw>
<kw name="E selecionar Unidade &quot;birigui&quot;" library="unidades" sourcename="E selecionar Unidade &quot;${unidade}&quot;">
<status status="NOT RUN" starttime="20220329 16:21:04.142" endtime="20220329 16:21:04.142"/>
</kw>
[...]
</kw>
<kw name="E clicar na aba Menu" library="resource">
<kw name="Click Element" library="SeleniumLibrary">
<arg>${MENU}</arg>
<doc>Click the element identified by ``locator``.</doc>
<msg timestamp="20220329 16:21:17.846" level="INFO">Clicking element '//*[@class="navbar-toggler-icon"]'.</msg>
<msg timestamp="20220329 16:21:18.089" level="INFO" html="true">&lt;/td&gt;&lt;/tr&gt;&lt;tr&gt;&lt;td colspan="3"&gt;&lt;a href="selenium-screenshot-29.png"&gt;&lt;img src="selenium-screenshot-29.png" width="800px"&gt;&lt;/a&gt;</msg>
<msg timestamp="20220329 16:21:18.090" level="FAIL">ElementNotInteractableException: Message: element not interactable
  (Session info: chrome=99.0.4844.84)
Stacktrace:
Backtrace:
	Ordinal0 [0x00BE9943+2595139]
	Ordinal0 [0x00B7C9F1+2148849]
	Ordinal0 [0x00A743F0+1065968]
	Ordinal0 [0x00AA1F17+1253143]
	Ordinal0 [0x00A97AB3+1211059]
	Ordinal0 [0x00ABB9EC+1358316]
	Ordinal0 [0x00A97474+1209460]
	Ordinal0 [0x00ABBC04+1358852]
	Ordinal0 [0x00ACBAF2+1424114]
	Ordinal0 [0x00ABB806+1357830]
	Ordinal0 [0x00A96086+1204358]
	Ordinal0 [0x00A96F96+1208214]
	GetHandleVerifier [0x00D8B232+1658114]
	GetHandleVerifier [0x00E4312C+2411516]
	GetHandleVerifier [0x00C7F261+560433]
	GetHandleVerifier [0x00C7E366+556598]
	Ordinal0 [0x00B8286B+2173035]
	Ordinal0 [0x00B875F8+2192888]
	Ordinal0 [0x00B876E5+2193125]
	Ordinal0 [0x00B911FC+2232828]
	BaseThreadInitThunk [0x7705FA29+25]
	RtlGetAppContainerNamedObjectPath [0x77A17A7E+286]
	RtlGetAppContainerNamedObjectPath [0x77A17A4E+238]
</msg>
<status status="FAIL" starttime="20220329 16:21:17.846" endtime="20220329 16:21:18.090"/>
</kw>
<status status="FAIL" starttime="20220329 16:21:17.846" endtime="20220329 16:21:18.091"/>
</kw>
<kw name="Quando clicar unidade e selecionar Interior e Litoral" library="unidades">
<status status="NOT RUN" starttime="20220329 16:21:18.091" endtime="20220329 16:21:18.091"/>
</kw>
<kw name="E selecionar Unidade &quot;santos&quot;" library="unidades" sourcename="E selecionar Unidade &quot;${unidade}&quot;">
<status status="NOT RUN" starttime="20220329 16:21:18.091" endtime="20220329 16:21:18.091"/>
</kw>
<kw name="Entao pagina da unidade devera ser exibida &quot;Santos&quot;" library="unidades" sourcename="Entao pagina da unidade devera ser exibida &quot;${nome_da_unidade}&quot;">
<status status="NOT RUN" starttime="20220329 16:21:18.092" endtime="20220329 16:21:18.092"/>
</kw>
<status status="FAIL" starttime="20220329 16:21:16.556" endtime="20220329 16:21:18.092">ElementNotInteractableException: Message: element not interactable
  (Session info: chrome=99.0.4844.84)
Stacktrace:
Backtrace:
	Ordinal0 [0x00BE9943+2595139]
	Ordinal0 [0x00B7C9F1+2148849]
	Ordinal0 [0x00A743F0+1065968]
	Ordinal0 [0x00AA1F17+1253143]
	Ordinal0 [0x00A97AB3+1211059]
	Ordinal0 [0x00ABB9EC+1358316]
	Ordinal0 [0x00A97474+1209460]
	Ordinal0 [0x00ABBC04+1358852]
	Ordinal0 [0x00ACBAF2+1424114]
	Ordinal0 [0x00ABB806+1357830]
	Ordinal0 [0x00A96086+1204358]
	Ordinal0 [0x00A96F96+1208214]
	GetHandleVerifier [0x00D8B232+1658114]
	GetHandleVerifier [0x00E4312C+2411516]
	GetHandleVerifier [0x00C7F261+560433]
	GetHandleVerifier [0x00C7E366+556598]
	Ordinal0 [0x00B8286B+2173035]
	Ordinal0 [0x00B875F8+2192888]
	Ordinal0 [0x00B876E5+2193125]
	Ordinal0 [0x00B911FC+2232828]
	BaseThreadInitThunk [0x7705FA29+25]
	RtlGetAppContainerNamedObjectPath [0x77A17A7E+286]
	RtlGetAppContainerNamedObjectPath [0x77A17A4E+238]
</status>
</test>
<test id="s1-t30" name="Cenario 30: Selecionar unidade sao-carlos">
<kw name="Dado que acesso a pagina do sesc" library="resource">
<kw name="Go To" library="SeleniumLibrary">
<arg>${HOME}</arg>
<doc>Navigates the current browser window to the provided ``url``.</doc>
<msg timestamp="20220329 16:21:18.096" level="INFO">Opening url 'https://www.sescsp.org.br/'</msg>
<status status="PASS" starttime="20220329 16:21:18.095" endtime="20220329 16:21:19.557"/>
</kw>
<status status="PASS" starttime="20220329 16:21:18.095" endtime="20220329 16:21:19.557"/>
</kw>
<kw name="E clicar na aba Menu" library="resource">
<kw name="Click Element" library="SeleniumLibrary">
<arg>${MENU}</arg>
<doc>Click the element identified by ``locator``.</doc>
<msg timestamp="20220329 16:21:19.558" level="INFO">Clicking element '//*[@class="navbar-toggler-icon"]'.</msg>
<msg timestamp="20220329 16:21:19.807" level="INFO" html="true">&lt;/td&gt;&lt;/tr&gt;&lt;tr&gt;&lt;td colspan="3"&gt;&lt;a href="selenium-screenshot-30.png"&gt;&lt;img src="selenium-screenshot-30.png" width="800px"&gt;&lt;/a&gt;</msg>
<msg timestamp="20220329 16:21:19.808" level="FAIL">ElementNotInteractableException: Message: element not interactable
  (Session info: chrome=99.0.4844.84)
Stacktrace:
Backtrace:
	Ordinal0 [0x00BE9943+2595139]
	Ordinal0 [0x00B7C9F1+2148849]
	Ordinal0 [0x00A743F0+1065968]
	Ordinal0 [0x00AA1F17+1253143]
	Ordinal0 [0x00A97AB3+1211059]
	Ordinal0 [0x00ABB9EC+1358316]
	Ordinal0 [0x00A97474+1209460]
	Ordinal0 [0x00ABBC04+1358852]
	Ordinal0 [0x00ACBAF2+1424114]
	Ordinal0 [0x00ABB806+1357830]
	Ordinal0 [0x00A96086+1204358]
	Ordinal0 [0x00A96F96+1208214]
	GetHandleVerifier [0x00D8B232+1658114]
	GetHandleVerifier [0x00E4312C+2411516]
	GetHandleVerifier [0x00C7F261+560433]
	GetHandleVerifier [0x00C7E366+556598]
	Ordinal0 [0x00B8286B+2173035]
	Ordinal0 [0x00B875F8+2192888]
	Ordinal0 [0x00B876E5+2193125]
	Ordinal0 [0x00B911FC+2232828]
	BaseThreadInitThunk [0x7705FA29+25]
	RtlGetAppContainerNamedObjectPath [0x77A17A7E+286]
	RtlGetAppContainerNamedObjectPath [0x77A17A4E+238]
</msg>
<status status="FAIL" starttime="20220329 16:21:19.558" endtime="20220329 16:21:19.808"/>
</kw>
<status status="FAIL" starttime="20220329 16:21:19.557" endtime="20220329 16:21:19.809"/>
</kw>
<kw name="Quando clicar unidade e selecionar Interior e Litoral" library="unidades">
<status status="NOT RUN" starttime="20220329 16:21:19.809" endtime="20220329 16:21:19.809"/>
</kw>
<kw name="E selecionar Unidade &quot;sao-carlos&quot;" library="unidades" sourcename="E selecionar Unidade &quot;${unidade}&quot;">
<status status="NOT RUN" starttime="20220329 16:21:19.810" endtime="20220329 16:21:19.810"/>
</kw>
<kw name="Entao pagina da unidade devera ser exibida &quot;São Carlos&quot;" library="unidades" sourcename="Entao pagina da unidade devera ser exibida &quot;${nome_da_unidade}&quot;">
<status status="NOT RUN" starttime="20220329 16:21:19.810" endtime="20220329 16:21:19.810"/>
</kw>
<status status="FAIL" starttime="20220329 16:21:18.094" endtime="20220329 16:21:19.810">ElementNotInteractableException: Message: element not interactable
  (Session info: chrome=99.0.4844.84)
Stacktrace:
Backtrace:
	Ordinal0 [0x00BE9943+2595139]
	Ordinal0 [0x00B7C9F1+2148849]
	Ordinal0 [0x00A743F0+1065968]
	Ordinal0 [0x00AA1F17+1253143]
	Ordinal0 [0x00A97AB3+1211059]
	Ordinal0 [0x00ABB9EC+1358316]
	Ordinal0 [0x00A97474+1209460]
	Ordinal0 [0x00ABBC04+1358852]
	Ordinal0 [0x00ACBAF2+1424114]
	Ordinal0 [0x00ABB806+1357830]
	Ordinal0 [0x00A96086+1204358]
	Ordinal0 [0x00A96F96+1208214]
	GetHandleVerifier [0x00D8B232+1658114]
	GetHandleVerifier [0x00E4312C+2411516]
	GetHandleVerifier [0x00C7F261+560433]
	GetHandleVerifier [0x00C7E366+556598]
	Ordinal0 [0x00B8286B+2173035]
	Ordinal0 [0x00B875F8+2192888]
	Ordinal0 [0x00B876E5+2193125]
	Ordinal0 [0x00B911FC+2232828]
	BaseThreadInitThunk [0x7705FA29+25]
	RtlGetAppContainerNamedObjectPath [0x77A17A7E+286]
	RtlGetAppContainerNamedObjectPath [0x77A17A4E+238]
</status>
</test>
<test id="s1-t31" name="Cenario 31: Selecionar unidade sao-jose-dos-campos">
<kw name="Dado que acesso a pagina do sesc" library="resource">
<kw name="Go To" library="SeleniumLibrary">
<arg>${HOME}</arg>
<doc>Navigates the current browser window to the provided ``url``.</doc>
<msg timestamp="20220329 16:21:19.814" level="INFO">Opening url 'https://www.sescsp.org.br/'</msg>
<status status="PASS" starttime="20220329 16:21:19.813" endtime="20220329 16:21:21.022"/>
</kw>
<status status="PASS" starttime="20220329 16:21:19.813" endtime="20220329 16:21:21.022"/>
</kw>
<kw name="E clicar na aba Menu" library="resource">
<kw name="Click Element" library="SeleniumLibrary">
<arg>${MENU}</arg>
<doc>Click the element identified by ``locator``.</doc>
<msg timestamp="20220329 16:21:21.023" level="INFO">Clicking element '//*[@class="navbar-toggler-icon"]'.</msg>
<msg timestamp="20220329 16:21:21.296" level="INFO" html="true">&lt;/td&gt;&lt;/tr&gt;&lt;tr&gt;&lt;td colspan="3"&gt;&lt;a href="selenium-screenshot-31.png"&gt;&lt;img src="selenium-screenshot-31.png" width="800px"&gt;&lt;/a&gt;</msg>
<msg timestamp="20220329 16:21:21.297" level="FAIL">ElementNotInteractableException: Message: element not interactable
  (Session info: chrome=99.0.4844.84)
Stacktrace:
Backtrace:
	Ordinal0 [0x00BE9943+2595139]
	Ordinal0 [0x00B7C9F1+2148849]
	Ordinal0 [0x00A743F0+1065968]
	Ordinal0 [0x00AA1F17+1253143]
	Ordinal0 [0x00A97AB3+1211059]
	Ordinal0 [0x00ABB9EC+1358316]
	Ordinal0 [0x00A97474+1209460]
	Ordinal0 [0x00ABBC04+1358852]
	Ordinal0 [0x00ACBAF2+1424114]
	Ordinal0 [0x00ABB806+1357830]
	Ordinal0 [0x00A96086+1204358]
	Ordinal0 [0x00A96F96+1208214]
	GetHandleVerifier [0x00D8B232+1658114]
	GetHandleVerifier [0x00E4312C+2411516]
	GetHandleVerifier [0x00C7F261+560433]
	GetHandleVerifier [0x00C7E366+556598]
	Ordinal0 [0x00B8286B+2173035]
	Ordinal0 [0x00B875F8+2192888]
	Ordinal0 [0x00B876E5+2193125]
	Ordinal0 [0x00B911FC+2232828]
	BaseThreadInitThunk [0x7705FA29+25]
	RtlGetAppContainerNamedObjectPath [0x77A17A7E+286]
	RtlGetAppContainerNamedObjectPath [0x77A17A4E+238]
</msg>
<status status="FAIL" starttime="20220329 16:21:21.023" endtime="20220329 16:21:21.297"/>
</kw>
<status status="FAIL" starttime="20220329 16:21:21.023" endtime="20220329 16:21:21.298"/>
</kw>
<kw name="Quando clicar unidade e selecionar Interior e Litoral" library="unidades">
<status status="NOT RUN" starttime="20220329 16:21:21.298" endtime="20220329 16:21:21.298"/>
</kw>
<kw name="E selecionar Unidade &quot;sao-jose-dos-campos&quot;" library="unidades" sourcename="E selecionar Unidade &quot;${unidade}&quot;">
<status status="NOT RUN" starttime="20220329 16:21:21.298" endtime="20220329 16:21:21.298"/>
</kw>
<kw name="Entao pagina da unidade devera ser exibida &quot;São José dos Campos&quot;" library="unidades" sourcename="Entao pagina da unidade devera ser exibida &quot;${nome_da_unidade}&quot;">
<status status="NOT RUN" starttime="20220329 16:21:21.298" endtime="20220329 16:21:21.298"/>
</kw>
<status status="FAIL" starttime="20220329 16:21:19.813" endtime="20220329 16:21:21.299">ElementNotInteractableException: Message: element not interactable
  (Session info: chrome=99.0.4844.84)
Stacktrace:
Backtrace:
	Ordinal0 [0x00BE9943+2595139]
	Ordinal0 [0x00B7C9F1+2148849]
	Ordinal0 [0x00A743F0+1065968]
	Ordinal0 [0x00AA1F17+1253143]
	Ordinal0 [0x00A97AB3+1211059]
	Ordinal0 [0x00ABB9EC+1358316]
	Ordinal0 [0x00A97474+1209460]
	Ordinal0 [0x00ABBC04+1358852]
	Ordinal0 [0x00ACBAF2+1424114]
	Ordinal0 [0x00ABB806+1357830]
	Ordinal0 [0x00A96086+1204358]
	Ordinal0 [0x00A96F96+1208214]
	GetHandleVerifier [0x00D8B232+1658114]
	GetHandleVerifier [0x00E4312C+2411516]
	GetHandleVerifier [0x00C7F261+560433]
	GetHandleVerifier [0x00C7E366+556598]
	Ordinal0 [0x00B8286B+2173035]
	Ordinal0 [0x00B875F8+2192888]
	Ordinal0 [0x00B876E5+2193125]
	Ordinal0 [0x00B911FC+2232828]
	BaseThreadInitThunk [0x7705FA29+25]
	RtlGetAppContainerNamedObjectPath [0x77A17A7E+286]
	RtlGetAppContainerNamedObjectPath [0x77A17A4E+238]
</status>
</test>
<test id="s1-t32" name="Cenario 32: Selecionar unidade sorocaba">
<kw name="Dado que acesso a pagina do sesc" library="resource">
<kw name="Go To" library="SeleniumLibrary">
<arg>${HOME}</arg>
<doc>Navigates the current browser window to the provided ``url``.</doc>
<msg timestamp="20220329 16:21:21.302" level="INFO">Opening url 'https://www.sescsp.org.br/'</msg>
<status status="PASS" starttime="20220329 16:21:21.302" endtime="20220329 16:21:22.452"/>
</kw>
<status status="PASS" starttime="20220329 16:21:21.302" endtime="20220329 16:21:22.452"/>
</kw>
<kw name="E clicar na aba Menu" library="resource">
<kw name="Click Element" library="SeleniumLibrary">
<arg>${MENU}</arg>
<doc>Click the element identified by ``locator``.</doc>
<msg timestamp="20220329 16:21:22.453" level="INFO">Clicking element '//*[@class="navbar-toggler-icon"]'.</msg>
<msg timestamp="20220329 16:21:22.708" level="INFO" html="true">&lt;/td&gt;&lt;/tr&gt;&lt;tr&gt;&lt;td colspan="3"&gt;&lt;a href="selenium-screenshot-32.png"&gt;&lt;img src="selenium-screenshot-32.png" width="800px"&gt;&lt;/a&gt;</msg>
<msg timestamp="20220329 16:21:22.709" level="FAIL">ElementNotInteractableException: Message: element not interactable
  (Session info: chrome=99.0.4844.84)
Stacktrace:
Backtrace:
	Ordinal0 [0x00BE9943+2595139]
	Ordinal0 [0x00B7C9F1+2148849]
	Ordinal0 [0x00A743F0+1065968]
	Ordinal0 [0x00AA1F17+1253143]
	Ordinal0 [0x00A97AB3+1211059]
	Ordinal0 [0x00ABB9EC+1358316]
	Ordinal0 [0x00A97474+1209460]
	Ordinal0 [0x00ABBC04+1358852]
	Ordinal0 [0x00ACBAF2+1424114]
	Ordinal0 [0x00ABB806+1357830]
	Ordinal0 [0x00A96086+1204358]
	Ordinal0 [0x00A96F96+1208214]
	GetHandleVerifier [0x00D8B232+1658114]
	GetHandleVerifier [0x00E4312C+2411516]
	GetHandleVerifier [0x00C7F261+560433]
	GetHandleVerifier [0x00C7E366+556598]
	Ordinal0 [0x00B8286B+2173035]
	Ordinal0 [0x00B875F8+2192888]
	Ordinal0 [0x00B876E5+2193125]
	Ordinal0 [0x00B911FC+2232828]
	BaseThreadInitThunk [0x7705FA29+25]
	RtlGetAppContainerNamedObjectPath [0x77A17A7E+286]
	RtlGetAppContainerNamedObjectPath [0x77A17A4E+238]
</msg>
<status status="FAIL" starttime="20220329 16:21:22.453" endtime="20220329 16:21:22.709"/>
</kw>
<status status="FAIL" starttime="20220329 16:21:22.452" endtime="20220329 16:21:22.710"/>
</kw>
<kw name="Quando clicar unidade e selecionar Interior e Litoral" library="unidades">
<status status="NOT RUN" starttime="20220329 16:21:22.710" endtime="20220329 16:21:22.710"/>
</kw>
<kw name="E selecionar Unidade &quot;sorocaba&quot;" library="unidades" sourcename="E selecionar Unidade &quot;${unidade}&quot;">
<status status="NOT RUN" starttime="20220329 16:21:22.710" endtime="20220329 16:21:22.710"/>
</kw>
<kw name="Entao pagina da unidade devera ser exibida &quot;Sorocaba&quot;" library="unidades" sourcename="Entao pagina da unidade devera ser exibida &quot;${nome_da_unidade}&quot;">
<status status="NOT RUN" starttime="20220329 16:21:22.711" endtime="20220329 16:21:22.711"/>
</kw>
<status status="FAIL" starttime="20220329 16:21:21.301" endtime="20220329 16:21:22.711">ElementNotInteractableException: Message: element not interactable
  (Session info: chrome=99.0.4844.84)
Stacktrace:
Backtrace:
	Ordinal0 [0x00BE9943+2595139]
	Ordinal0 [0x00B7C9F1+2148849]
	Ordinal0 [0x00A743F0+1065968]
	Ordinal0 [0x00AA1F17+1253143]
	Ordinal0 [0x00A97AB3+1211059]
	Ordinal0 [0x00ABB9EC+1358316]
	Ordinal0 [0x00A97474+1209460]
	Ordinal0 [0x00ABBC04+1358852]
	Ordinal0 [0x00ACBAF2+1424114]
	Ordinal0 [0x00ABB806+1357830]
	Ordinal0 [0x00A96086+1204358]
	Ordinal0 [0x00A96F96+1208214]
	GetHandleVerifier [0x00D8B232+1658114]
	GetHandleVerifier [0x00E4312C+2411516]
	GetHandleVerifier [0x00C7F261+560433]
	GetHandleVerifier [0x00C7E366+556598]
	Ordinal0 [0x00B8286B+2173035]
	Ordinal0 [0x00B875F8+2192888]
	Ordinal0 [0x00B876E5+2193125]
	Ordinal0 [0x00B911FC+2232828]
	BaseThreadInitThunk [0x7705FA29+25]
	RtlGetAppContainerNamedObjectPath [0x77A17A7E+286]
	RtlGetAppContainerNamedObjectPath [0x77A17A4E+238]
</status>
</test>
<test id="s1-t33" name="Cenario 33: Selecionar unidade taubate">
<kw name="Dado que acesso a pagina do sesc" library="resource">
<kw name="Go To" library="SeleniumLibrary">
<arg>${HOME}</arg>
<doc>Navigates the current browser window to the provided ``url``.</doc>
<msg timestamp="20220329 16:21:22.714" level="INFO">Opening url 'https://www.sescsp.org.br/'</msg>
<status status="PASS" starttime="20220329 16:21:22.714" endtime="20220329 16:21:23.904"/>
</kw>
<status status="PASS" starttime="20220329 16:21:22.714" endtime="20220329 16:21:23.904"/>
</kw>
<kw name="E clicar na aba Menu" library="resource">
<kw name="Click Element" library="SeleniumLibrary">
<arg>${MENU}</arg>
<doc>Click the element identified by ``locator``.</doc>
<msg timestamp="20220329 16:21:23.905" level="INFO">Clicking element '//*[@class="navbar-toggler-icon"]'.</msg>
<msg timestamp="20220329 16:21:24.160" level="INFO" html="true">&lt;/td&gt;&lt;/tr&gt;&lt;tr&gt;&lt;td colspan="3"&gt;&lt;a href="selenium-screenshot-33.png"&gt;&lt;img src="selenium-screenshot-33.png" width="800px"&gt;&lt;/a&gt;</msg>
<msg timestamp="20220329 16:21:24.162" level="FAIL">ElementNotInteractableException: Message: element not interactable
  (Session info: chrome=99.0.4844.84)
Stacktrace:
Backtrace:
	Ordinal0 [0x00BE9943+2595139]
	Ordinal0 [0x00B7C9F1+2148849]
	Ordinal0 [0x00A743F0+1065968]
	Ordinal0 [0x00AA1F17+1253143]
	Ordinal0 [0x00A97AB3+1211059]
	Ordinal0 [0x00ABB9EC+1358316]
	Ordinal0 [0x00A97474+1209460]
	Ordinal0 [0x00ABBC04+1358852]
	Ordinal0 [0x00ACBAF2+1424114]
	Ordinal0 [0x00ABB806+1357830]
	Ordinal0 [0x00A96086+1204358]
	Ordinal0 [0x00A96F96+1208214]
	GetHandleVerifier [0x00D8B232+1658114]
	GetHandleVerifier [0x00E4312C+2411516]
	GetHandleVerifier [0x00C7F261+560433]
	GetHandleVerifier [0x00C7E366+556598]
	Ordinal0 [0x00B8286B+2173035]
	Ordinal0 [0x00B875F8+2192888]
	Ordinal0 [0x00B876E5+2193125]
	Ordinal0 [0x00B911FC+2232828]
	BaseThreadInitThunk [0x7705FA29+25]
	RtlGetAppContainerNamedObjectPath [0x77A17A7E+286]
	RtlGetAppContainerNamedObjectPath [0x77A17A4E+238]
</msg>
<status status="FAIL" starttime="20220329 16:21:23.905" endtime="20220329 16:21:24.162"/>
</kw>
<status status="FAIL" starttime="20220329 16:21:23.904" endtime="20220329 16:21:24.162"/>
</kw>
<kw name="Quando clicar unidade e selecionar Interior e Litoral" library="unidades">
<status status="NOT RUN" starttime="20220329 16:21:24.163" endtime="20220329 16:21:24.163"/>
</kw>
<kw name="E selecionar Unidade &quot;taubate&quot;" library="unidades" sourcename="E selecionar Unidade &quot;${unidade}&quot;">
<status status="NOT RUN" starttime="20220329 16:21:24.163" endtime="20220329 16:21:24.163"/>
</kw>
<kw name="Entao pagina da unidade devera ser exibida &quot;Taubaté&quot;" library="unidades" sourcename="Entao pagina da unidade devera ser exibida &quot;${nome_da_unidade}&quot;">
<status status="NOT RUN" starttime="20220329 16:21:24.163" endtime="20220329 16:21:24.163"/>
</kw>
<status status="FAIL" starttime="20220329 16:21:22.713" endtime="20220329 16:21:24.163">ElementNotInteractableException: Message: element not interactable
  (Session info: chrome=99.0.4844.84)
Stacktrace:
Backtrace:
	Ordinal0 [0x00BE9943+2595139]
	Ordinal0 [0x00B7C9F1+2148849]
	Ordinal0 [0x00A743F0+1065968]
	Ordinal0 [0x00AA1F17+1253143]
	Ordinal0 [0x00A97AB3+1211059]
	Ordinal0 [0x00ABB9EC+1358316]
	Ordinal0 [0x00A97474+1209460]
	Ordinal0 [0x00ABBC04+1358852]
	Ordinal0 [0x00ACBAF2+1424114]
	Ordinal0 [0x00ABB806+1357830]
	Ordinal0 [0x00A96086+1204358]
	Ordinal0 [0x00A96F96+1208214]
	GetHandleVerifier [0x00D8B232+1658114]
	GetHandleVerifier [0x00E4312C+2411516]
	GetHandleVerifier [0x00C7F261+560433]
	GetHandleVerifier [0x00C7E366+556598]
	Ordinal0 [0x00B8286B+2173035]
	Ordinal0 [0x00B875F8+2192888]
	Ordinal0 [0x00B876E5+2193125]
	Ordinal0 [0x00B911FC+2232828]
	BaseThreadInitThunk [0x7705FA29+25]
	RtlGetAppContainerNamedObjectPath [0x77A17A7E+286]
	RtlGetAppContainerNamedObjectPath [0x77A17A4E+238]
</status>
</test>
<kw name="Close All Browsers" library="SeleniumLibrary" type="TEARDOWN">
<doc>Closes all open browsers and resets the browser cache.</doc>
<status status="PASS" starttime="20220329 16:21:24.168" endtime="20220329 16:21:26.329"/>
</kw>
<status status="FAIL" starttime="20220329 16:20:26.278" endtime="20220329 16:21:26.329"/>
</suite>
<statistics>
<total>
<stat pass="0" fail="33" skip="0">All Tests</stat>
</total>
<tag>
</tag>
<suite>
<stat pass="0" fail="33" skip="0" id="s1" name="Unidades">Unidades</stat>
</suite>
</statistics>
<errors>
</errors>
</robot>
