<?xml version="1.0" encoding="UTF-8"?>
<robot generator="Robot 4.1.3 (Python 3.8.5 on win32)" generated="20220317 02:52:41.500" rpa="false" schemaversion="2">
<suite id="s1" name="portalHome" source="C:\Users\Vanderson\Sesc\test-case\portalHome.robot">
<kw name="Abrir navegador" library="resource" type="SETUP">
<kw name="Open Browser" library="SeleniumLibrary">
<arg>url:</arg>
<arg>${BROWSER}</arg>
<doc>Opens a new browser instance to the optional ``url``.</doc>
<msg timestamp="20220317 02:52:41.778" level="INFO">Opening browser 'headLesschrome' to base url 'url:'.</msg>
<status status="PASS" starttime="20220317 02:52:41.777" endtime="20220317 02:52:43.005"/>
</kw>
<status status="PASS" starttime="20220317 02:52:41.777" endtime="20220317 02:52:43.005"/>
</kw>
<test id="s1-t1" name="Cenario 1: Acesso a pagina principal">
<kw name="Dado que acesso a pagina do sesc" library="resource">
<kw name="Go To" library="SeleniumLibrary">
<arg>${HOME}</arg>
<doc>Navigates the current browser window to the provided ``url``.</doc>
<msg timestamp="20220317 02:52:43.006" level="INFO">Opening url 'https://www.sescsp.org.br/'</msg>
<status status="PASS" starttime="20220317 02:52:43.006" endtime="20220317 02:52:49.126"/>
</kw>
<status status="PASS" starttime="20220317 02:52:43.006" endtime="20220317 02:52:49.126"/>
</kw>
<kw name="Entao sistema deve exibir pagina principal do sesc" library="home">
<kw name="Title Should Be" library="SeleniumLibrary">
<arg>Sesc São Paulo</arg>
<doc>Verifies that the current page title equals ``title``.</doc>
<msg timestamp="20220317 02:52:49.135" level="INFO">Page title is 'Sesc São Paulo'.</msg>
<status status="PASS" starttime="20220317 02:52:49.127" endtime="20220317 02:52:49.135"/>
</kw>
<status status="PASS" starttime="20220317 02:52:49.126" endtime="20220317 02:52:49.135"/>
</kw>
<status status="PASS" starttime="20220317 02:52:43.005" endtime="20220317 02:52:49.136"/>
</test>
<test id="s1-t2" name="Cenario 2: Carregar Carrocel">
<kw name="Dado que acesso a pagina do sesc" library="resource">
<kw name="Go To" library="SeleniumLibrary">
<arg>${HOME}</arg>
<doc>Navigates the current browser window to the provided ``url``.</doc>
<msg timestamp="20220317 02:52:49.138" level="INFO">Opening url 'https://www.sescsp.org.br/'</msg>
<status status="PASS" starttime="20220317 02:52:49.137" endtime="20220317 02:52:50.435"/>
</kw>
<status status="PASS" starttime="20220317 02:52:49.137" endtime="20220317 02:52:50.435"/>
</kw>
<kw name="Quando Clicar no carrossel" library="home">
<kw name="Element Should Be Enabled" library="SeleniumLibrary">
<arg>//*[@class="carrossel loading"]</arg>
<doc>Verifies that element identified by ``locator`` is enabled.</doc>
<status status="PASS" starttime="20220317 02:52:50.436" endtime="20220317 02:52:50.465"/>
</kw>
<status status="PASS" starttime="20220317 02:52:50.436" endtime="20220317 02:52:50.466"/>
</kw>
<kw name="Entao a pagina exibir o carrossel" library="home">
<kw name="Element Should Be Enabled" library="SeleniumLibrary">
<arg>//*[@class="container"]</arg>
<doc>Verifies that element identified by ``locator`` is enabled.</doc>
<status status="PASS" starttime="20220317 02:52:50.466" endtime="20220317 02:52:50.495"/>
</kw>
<status status="PASS" starttime="20220317 02:52:50.466" endtime="20220317 02:52:50.495"/>
</kw>
<status status="PASS" starttime="20220317 02:52:49.137" endtime="20220317 02:52:50.495"/>
</test>
<test id="s1-t3" name="Cenario 3: Editorial">
<kw name="Dado que acesso a pagina do sesc" library="resource">
<kw name="Go To" library="SeleniumLibrary">
<arg>${HOME}</arg>
<doc>Navigates the current browser window to the provided ``url``.</doc>
<msg timestamp="20220317 02:52:50.497" level="INFO">Opening url 'https://www.sescsp.org.br/'</msg>
<status status="PASS" starttime="20220317 02:52:50.497" endtime="20220317 02:52:51.797"/>
</kw>
<status status="PASS" starttime="20220317 02:52:50.497" endtime="20220317 02:52:51.797"/>
</kw>
<kw name="Quando clicar no editorial" library="home">
<kw name="Element Should Be Enabled" library="SeleniumLibrary">
<arg>//*[@class="title-container"]</arg>
<doc>Verifies that element identified by ``locator`` is enabled.</doc>
<status status="PASS" starttime="20220317 02:52:51.798" endtime="20220317 02:52:51.825"/>
</kw>
<status status="PASS" starttime="20220317 02:52:51.798" endtime="20220317 02:52:51.825"/>
</kw>
<kw name="Entao pagina deve exibir o editorial" library="home">
<kw name="Element Should Be Enabled" library="SeleniumLibrary">
<arg>//*[@class="editorial-row destaque"]</arg>
<doc>Verifies that element identified by ``locator`` is enabled.</doc>
<status status="PASS" starttime="20220317 02:52:51.826" endtime="20220317 02:52:51.853"/>
</kw>
<status status="PASS" starttime="20220317 02:52:51.825" endtime="20220317 02:52:51.853"/>
</kw>
<status status="PASS" starttime="20220317 02:52:50.496" endtime="20220317 02:52:51.854"/>
</test>
<test id="s1-t4" name="Cenario 4: Programacao">
<kw name="Dado que acesso a pagina do sesc" library="resource">
<kw name="Go To" library="SeleniumLibrary">
<arg>${HOME}</arg>
<doc>Navigates the current browser window to the provided ``url``.</doc>
<msg timestamp="20220317 02:52:51.856" level="INFO">Opening url 'https://www.sescsp.org.br/'</msg>
<status status="PASS" starttime="20220317 02:52:51.855" endtime="20220317 02:52:52.741"/>
</kw>
<status status="PASS" starttime="20220317 02:52:51.855" endtime="20220317 02:52:52.742"/>
</kw>
<kw name="Quando clicar na Programacao" library="home">
<kw name="Element Should Be Enabled" library="SeleniumLibrary">
<arg>//*[@id="desktop"]</arg>
<doc>Verifies that element identified by ``locator`` is enabled.</doc>
<status status="PASS" starttime="20220317 02:52:52.742" endtime="20220317 02:52:52.771"/>
</kw>
<status status="PASS" starttime="20220317 02:52:52.742" endtime="20220317 02:52:52.771"/>
</kw>
<kw name="Entao deve ser confirmado a visualizacao da programacao" library="home">
<kw name="Element Should Be Enabled" library="SeleniumLibrary">
<arg>//*[@class="row programacao--row js-programacao-container"]</arg>
<doc>Verifies that element identified by ``locator`` is enabled.</doc>
<status status="PASS" starttime="20220317 02:52:52.772" endtime="20220317 02:52:52.796"/>
</kw>
<status status="PASS" starttime="20220317 02:52:52.772" endtime="20220317 02:52:52.797"/>
</kw>
<status status="PASS" starttime="20220317 02:52:51.855" endtime="20220317 02:52:52.797"/>
</test>
<test id="s1-t5" name="Cenario 5: Mais Acoes">
<kw name="Dado que acesso a pagina do sesc" library="resource">
<kw name="Go To" library="SeleniumLibrary">
<arg>${HOME}</arg>
<doc>Navigates the current browser window to the provided ``url``.</doc>
<msg timestamp="20220317 02:52:52.799" level="INFO">Opening url 'https://www.sescsp.org.br/'</msg>
<status status="PASS" starttime="20220317 02:52:52.799" endtime="20220317 02:52:53.687"/>
</kw>
<status status="PASS" starttime="20220317 02:52:52.799" endtime="20220317 02:52:53.687"/>
</kw>
<kw name="Quando clicar em Mais Acoes" library="home">
<kw name="Element Should Be Enabled" library="SeleniumLibrary">
<arg>//*[@class="acoes"]</arg>
<doc>Verifies that element identified by ``locator`` is enabled.</doc>
<status status="PASS" starttime="20220317 02:52:53.688" endtime="20220317 02:52:53.716"/>
</kw>
<status status="PASS" starttime="20220317 02:52:53.687" endtime="20220317 02:52:53.716"/>
</kw>
<kw name="Entao deve ser confirmado a visualizacao do Mais Acoes" library="home">
<kw name="Element Should Be Enabled" library="SeleniumLibrary">
<arg>//*[@class="owl-carousel owl-theme owl-acoes owl-loaded owl-drag"]</arg>
<doc>Verifies that element identified by ``locator`` is enabled.</doc>
<status status="PASS" starttime="20220317 02:52:53.717" endtime="20220317 02:52:53.742"/>
</kw>
<status status="PASS" starttime="20220317 02:52:53.716" endtime="20220317 02:52:53.742"/>
</kw>
<status status="PASS" starttime="20220317 02:52:52.798" endtime="20220317 02:52:53.742"/>
</test>
<test id="s1-t6" name="Cenario 6: Cabecario">
<kw name="Dado que acesso a pagina do sesc" library="resource">
<kw name="Go To" library="SeleniumLibrary">
<arg>${HOME}</arg>
<doc>Navigates the current browser window to the provided ``url``.</doc>
<msg timestamp="20220317 02:52:53.744" level="INFO">Opening url 'https://www.sescsp.org.br/'</msg>
<status status="PASS" starttime="20220317 02:52:53.744" endtime="20220317 02:52:55.120"/>
</kw>
<status status="PASS" starttime="20220317 02:52:53.744" endtime="20220317 02:52:55.120"/>
</kw>
<kw name="Quando clicar no Cabecario" library="home">
<kw name="Element Should Be Enabled" library="SeleniumLibrary">
<arg>//*[@class="header-container"]</arg>
<doc>Verifies that element identified by ``locator`` is enabled.</doc>
<status status="PASS" starttime="20220317 02:52:55.121" endtime="20220317 02:52:55.147"/>
</kw>
<status status="PASS" starttime="20220317 02:52:55.120" endtime="20220317 02:52:55.147"/>
</kw>
<kw name="Entao deve ser confirmado a visualizacao do Cabecario" library="home">
<kw name="Element Should Be Enabled" library="SeleniumLibrary">
<arg>//*[@class="container"]</arg>
<doc>Verifies that element identified by ``locator`` is enabled.</doc>
<status status="PASS" starttime="20220317 02:52:55.148" endtime="20220317 02:52:55.169"/>
</kw>
<status status="PASS" starttime="20220317 02:52:55.147" endtime="20220317 02:52:55.169"/>
</kw>
<status status="PASS" starttime="20220317 02:52:53.743" endtime="20220317 02:52:55.169"/>
</test>
<test id="s1-t7" name="Cenario 7: Footer">
<kw name="Dado que acesso a pagina do sesc" library="resource">
<kw name="Go To" library="SeleniumLibrary">
<arg>${HOME}</arg>
<doc>Navigates the current browser window to the provided ``url``.</doc>
<msg timestamp="20220317 02:52:55.172" level="INFO">Opening url 'https://www.sescsp.org.br/'</msg>
<status status="PASS" starttime="20220317 02:52:55.171" endtime="20220317 02:52:56.267"/>
</kw>
<status status="PASS" starttime="20220317 02:52:55.171" endtime="20220317 02:52:56.267"/>
</kw>
<kw name="Quando clicar no Footer" library="home">
<kw name="Element Should Be Enabled" library="SeleniumLibrary">
<arg>//*[@class="footer"]</arg>
<doc>Verifies that element identified by ``locator`` is enabled.</doc>
<status status="PASS" starttime="20220317 02:52:56.268" endtime="20220317 02:52:56.313"/>
</kw>
<status status="PASS" starttime="20220317 02:52:56.268" endtime="20220317 02:52:56.313"/>
</kw>
<kw name="Entao deve ser confirmado a visualizacao do Footer" library="home">
<kw name="Element Should Be Enabled" library="SeleniumLibrary">
<arg>//*[@class="footer"]</arg>
<doc>Verifies that element identified by ``locator`` is enabled.</doc>
<status status="PASS" starttime="20220317 02:52:56.314" endtime="20220317 02:52:56.332"/>
</kw>
<status status="PASS" starttime="20220317 02:52:56.313" endtime="20220317 02:52:56.332"/>
</kw>
<status status="PASS" starttime="20220317 02:52:55.170" endtime="20220317 02:52:56.332"/>
</test>
<kw name="Close All Browsers" library="SeleniumLibrary" type="TEARDOWN">
<doc>Closes all open browsers and resets the browser cache.</doc>
<status status="PASS" starttime="20220317 02:52:56.334" endtime="20220317 02:52:58.413"/>
</kw>
<status status="PASS" starttime="20220317 02:52:41.502" endtime="20220317 02:52:58.413"/>
</suite>
<statistics>
<total>
<stat pass="7" fail="0" skip="0">All Tests</stat>
</total>
<tag>
</tag>
<suite>
<stat pass="7" fail="0" skip="0" id="s1" name="portalHome">portalHome</stat>
</suite>
</statistics>
<errors>
</errors>
</robot>
